2.18309	
2.18701	
2.14448	
2.1757	
2.21102	
2.14168	
2.11813	
2.14513	
2.14974	
2.11084	
2.17981	
2.2262	
2.23122	
2.21455	
2.09935	
2.06208	
2.01245	
1.97932	
1.9934	
1.98204	
2.03439	
2.08078	
2.12305	
2.15495	
2.20767	
2.29125	
2.32184	
2.40091	
2.502	
2.4936	
2.52113	
2.6255	
2.47522	
2.30509	
2.25067	
2.14545	
2.01393	
1.77626	
1.78809	
1.80017	
1.75981	
1.9113	
1.95518	
1.9446	
1.82393	
1.63887	
1.51751	
1.47499	
1.66815	
1.82402	
2.03686	
2.19243	
2.12616	
2.21122	
2.09433	
1.93851	
2.00497	
1.89986	
1.82263	
1.8568	
1.92153	
1.97337	
2.14578	
2.22988	
2.1569	
2.31844	
2.50633	
2.47003	
2.4979	
2.53176	
2.45579	
2.47427	
2.3873	
2.24146	
1.99286	
1.52572	
1.41358	
1.37887	
1.37865	
1.60663	
1.7446	
2.27734	
2.37843	
2.16641	
2.28333	
2.18747	
1.75992	
1.73317	
2.0501	
1.96841	
2.17438	
2.24253	
2.23866	
2.21563	
2.24942	
2.70829	
2.88443	
2.86	
2.71835	
2.38158	
2.05528	
1.93024	
1.94786	
2.05818	
2.20271	
2.26922	
2.3934	
2.49986	
2.3862	
2.49846	
2.73932	
2.47193	
2.39336	
2.66144	
2.80026	
3.09298	
3.02296	
2.80434	
2.61458	
2.46901	
2.48977	
2.52627	
2.1799	
1.58744	
1.56335	
1.73441	
1.93013	
2.19735	
2.52657	
2.61572	
2.44257	
2.49323	
2.26986	
2.31933	
2.19882	
1.822	
1.72409	
1.42489	
1.62549	
1.84605	
1.8842	
1.6775	
1.88469	
2.33644	
2.26729	
2.4571	
2.59094	
2.42897	
2.023	
1.8392	
1.86437	
1.86065	
1.95455	
2.12739	
2.43115	
2.61764	
2.83079	
2.68189	
2.77049	
2.70752	
2.83896	
2.988	
2.92652	
3.26317	
3.27247	
3.25004	
3.45407	
3.45367	
3.58314	
3.46987	
3.01256	
2.57727	
2.33026	
2.26784	
2.23927	
2.29738	
2.39082	
2.28855	
2.06762	
2.3475	
2.83898	
2.8462	
2.64473	
2.82613	
2.64198	
2.35018	
1.98289	
1.86649	
1.92268	
2.1549	
2.46731	
2.64729	
2.6813	
2.51097	
2.61598	
2.60514	
2.92152	
2.5535	
2.45952	
2.28725	
2.16464	
2.3741	
2.42524	
2.20791	
2.2303	
2.43338	
2.84774	
2.93561	
3.36159	
3.47892	
3.14695	
2.80671	
2.46527	
2.12784	
2.02335	
2.31938	
2.7045	
2.49814	
2.03746	
2.00503	
1.76368	
2.04851	
2.18004	
2.49158	
2.77517	
2.74366	
2.57262	
2.22746	
2.21655	
2.41106	
2.53369	
2.75898	
2.94265	
2.7911	
2.91386	
2.94854	
3.03855	
3.50678	
3.65895	
3.42569	
3.29593	
2.8318	
2.77349	
2.58405	
2.69734	
2.72393	
2.46146	
2.11639	
2.03212	
2.356	
2.38128	
2.15581	
2.01227	
2.37164	
2.06849	
1.80664	
1.99284	
2.11489	
2.44974	
2.43068	
2.33011	
1.94375	
1.58936	
1.84791	
1.98125	
1.97225	
1.99511	
2.16994	
2.04191	
2.28782	
2.55872	
2.29207	
2.45039	
2.55506	
2.33042	
2.06952	
2.04827	
1.97352	
1.94191	
2.241	
2.28621	
2.31938	
2.37344	
2.1011	
2.40917	
2.36748	
2.2979	
2.70962	
2.75441	
2.49703	
2.3284	
1.92414	
1.86389	
2.03729	
2.19767	
2.65498	
2.6442	
2.44968	
2.24147	
2.24836	
2.42946	
2.29365	
2.56184	
2.50718	
2.12203	
2.29317	
2.20014	
2.18909	
2.43608	
2.26998	
2.06912	
2.11912	
1.67807	
1.74375	
1.32929	
1.06359	
1.43309	
1.39654	
1.22059	
1.22779	
1.36218	
1.12521	
1.19144	
1.13313	
0.894538	
0.705467	
1.0173	
1.15921	
0.964875	
0.996537	
1.02508	
1.17517	
1.04642	
1.22508	
1.20983	
1.0337	
1.53467	
1.62184	
1.62456	
1.62489	
1.77576	
1.88697	
1.81398	
1.73241	
1.85659	
1.45016	
1.31263	
1.11059	
0.952393	
1.14036	
1.16983	
1.66852	
1.81151	
1.74178	
1.75054	
2.11989	
1.8063	
1.93727	
2.09279	
1.95776	
2.08628	
1.80111	
1.83707	
1.81223	
1.75245	
1.58611	
1.78691	
1.52307	
1.22705	
1.61477	
1.33462	
1.14459	
0.934678	
0.783708	
1.01111	
1.53432	
1.68978	
1.45275	
1.16433	
1.14988	
1.10816	
0.667434	
0.778663	
0.615792	
0.78628	
1.0357	
1.09555	
1.06106	
1.02933	
1.16024	
1.32518	
1.1378	
0.746875	
0.960977	
0.705924	
0.740722	
0.86466	
1.15333	
1.10384	
0.454109	
0.405355	
0.360715	
0.583227	
1.01721	
1.6054	
1.72997	
1.61167	
1.06989	
1.20268	
1.35382	
1.12189	
1.5562	
1.74317	
1.75832	
1.36318	
1.34116	
1.6137	
1.2673	
1.17066	
1.41351	
1.26179	
1.34205	
1.27913	
1.04537	
0.948716	
0.860697	
1.01214	
1.06497	
1.18903	
1.02792	
0.649214	
0.78925	
0.722779	
0.882443	
1.07484	
0.78141	
1.09182	
0.598531	
0.675923	
0.70996	
1.01672	
1.22362	
1.10203	
0.901135	
1.30351	
1.38171	
1.3357	
1.29413	
1.68164	
1.96904	
1.71803	
1.6081	
1.64609	
1.60617	
1.72894	
1.87371	
1.84139	
1.64279	
1.50913	
1.3381	
1.36988	
1.20576	
1.12025	
1.0294	
0.934174	
0.673093	
0.972822	
1.17897	
1.01208	
0.832224	
0.650086	
0.535618	
0.741736	
0.701262	
0.749371	
0.897929	
0.933589	
1.02629	
0.772087	
0.434328	
0.653376	
0.332304	
0.351206	
0.35255	
0.631502	
1.0221	
1.10927	
1.32268	
1.27248	
0.874882	
0.647167	
0.458357	
0.319802	
0.410656	
0.567393	
0.448184	
0.655339	
0.729103	
0.804717	
0.909844	
0.936581	
1.20957	
1.25399	
1.36065	
1.74998	
2.07302	
1.73809	
1.93511	
1.80733	
1.35264	
1.2828	
1.25094	
1.40124	
1.4094	
1.60774	
1.76027	
1.69388	
1.56189	
1.79361	
1.92042	
1.72193	
1.73259	
1.68494	
1.4988	
1.53491	
1.82828	
1.93091	
1.74905	
1.47727	
1.49624	
1.41586	
1.31575	
1.66036	
1.42221	
1.14973	
1.36434	
1.36381	
1.71144	
1.83757	
1.93361	
2.04008	
1.71986	
1.56651	
1.48869	
1.5928	
1.71018	
1.85002	
1.95886	
1.95183	
1.75767	
1.55139	
1.40771	
1.04218	
1.08719	
1.1252	
1.33521	
1.22012	
1.18143	
1.40612	
1.40644	
1.43142	
1.67722	
1.43034	
1.39988	
1.7012	
1.4141	
1.4764	
1.39259	
1.15697	
1.24859	
0.939512	
1.08246	
0.827285	
0.603264	
0.888904	
0.961096	
0.904294	
1.12773	
0.981058	
0.882904	
0.954595	
0.802293	
0.938402	
0.871104	
1.03903	
1.4922	
1.68454	
1.66262	
1.57762	
1.52629	
1.40177	
1.46645	
1.2394	
1.27411	
1.56525	
1.65782	
1.86595	
1.86336	
1.75701	
1.93577	
1.87825	
2.07928	
2.11934	
2.12335	
2.34059	
2.10984	
1.93464	
2.0067	
2.08888	
2.02557	
2.08085	
1.76239	
1.831	
1.66044	
1.79806	
1.78724	
1.73971	
1.83552	
1.46072	
1.46874	
1.45306	
1.31753	
1.64283	
1.8318	
1.90907	
1.96198	
2.04703	
2.04199	
1.6569	
1.70062	
1.75638	
1.73817	
1.63275	
1.90054	
2.00413	
1.94505	
1.67557	
1.36029	
1.6347	
1.50531	
1.51738	
1.79774	
1.78543	
1.5824	
1.76546	
1.83555	
1.63835	
1.6585	
1.49321	
1.49471	
1.33065	
0.987433	
0.913753	
0.452446	
0.705478	
1.2392	
1.67909	
1.78977	
1.645	
1.71492	
1.62843	
1.35178	
1.56131	
1.50227	
1.38418	
1.36492	
1.21816	
1.33288	
1.2447	
1.24114	
1.12965	
1.19602	
1.2228	
1.40848	
1.17883	
1.00525	
1.10007	
1.01197	
1.3272	
1.56066	
1.50618	
1.64295	
1.29034	
0.977885	
1.36977	
1.23938	
1.04243	
1.26291	
1.35653	
1.35303	
1.16381	
1.34583	
1.47025	
1.55703	
1.72605	
2.01217	
2.00359	
1.99455	
2.06078	
1.79068	
1.76625	
1.77067	
1.74238	
1.88386	
1.99581	
2.09307	
1.26449	
1.21071	
1.24202	
1.36561	
1.57706	
1.61538	
1.22025	
1.05396	
1.11051	
1.11973	
1.06045	
1.14695	
1.24516	
0.68956	
0.594156	
0.814103	
0.703784	
0.656695	
0.948192	
0.983434	
1.23401	
1.37462	
1.55035	
1.32362	
0.963931	
0.86644	
0.83943	
0.95761	
1.22365	
1.30323	
1.58431	
1.80062	
1.75484	
1.7569	
1.4697	
1.46616	
1.65662	
1.46496	
1.96375	
2.04854	
1.7741	
1.9163	
1.64804	
1.87096	
1.79368	
1.7063	
1.70125	
1.68816	
1.43499	
1.29361	
1.65904	
1.54215	
1.15816	
0.87862	
0.882824	
0.77853	
0.805529	
1.1933	
1.46774	
1.71484	
1.55884	
1.3077	
1.2619	
0.725353	
0.510284	
0.650417	
0.560617	
0.792676	
1.02344	
0.882067	
0.891454	
0.621839	
0.888262	
1.13138	
0.994934	
1.15109	
1.06571	
0.964445	
1.05557	
1.48912	
1.59363	
1.48914	
1.73371	
1.74825	
1.6672	
1.68212	
1.46561	
1.28101	
1.49488	
1.54403	
1.71246	
2.00105	
1.90925	
1.49378	
1.14433	
1.41571	
1.39078	
1.2431	
1.34577	
1.26757	
1.35635	
1.66956	
1.60545	
1.64638	
1.24925	
1.17106	
0.837432	
0.57649	
0.597258	
0.540535	
0.607172	
0.360618	
0.654295	
1.10243	
1.05364	
1.39338	
1.41113	
1.11828	
1.42104	
1.28885	
1.42283	
1.58268	
1.3388	
1.17122	
1.19919	
1.22367	
1.14104	
1.35024	
1.29992	
1.41812	
1.16498	
1.01442	
1.03602	
0.872825	
0.967857	
0.914651	
1.16889	
1.28466	
1.15049	
0.935807	
0.696618	
0.460573	
0.335946	
0.58125	
0.620796	
0.537208	
0.510549	
0.679111	
0.543445	
0.606819	
0.844438	
0.863702	
0.726865	
0.325989	
0.360892	
0.462309	
0.742846	
0.690738	
0.671917	
0.440727	
0.493768	
0.530883	
0.485526	
0.486094	
0.46085	
0.68121	
0.433687	
0.671644	
0.641261	
0.980942	
1.06936	
1.35286	
1.56216	
1.27152	
0.560384	
0.271719	
0.522904	
0.246657	
0.397563	
0.479768	
0.252476	
0.506655	
0.572162	
0.587934	
0.713724	
0.49398	
0.414892	
0.684143	
0.747278	
0.683394	
0.529599	
0.762432	
0.956475	
0.98414	
0.734932	
0.684612	
0.417975	
0.499657	
0.371195	
0.659977	
0.614208	
0.887798	
1.10364	
0.700526	
0.317222	
0.425296	
0.861343	
1.10471	
1.14805	
1.05234	
0.849284	
0.522697	
0.587974	
0.695724	
0.643915	
0.692383	
0.689757	
0.717416	
0.869235	
0.891446	
1.28103	
1.05067	
0.723712	
0.955226	
0.938264	
0.600408	
0.626524	
0.65053	
0.317059	
0.504056	
1.41377	
1.17152	
1.21544	
1.42291	
1.44844	
1.11174	
0.892285	
0.649294	
0.341976	
0.0770366	
0.482281	
0.470316	
0.513748	
0.747929	
0.63667	
0.732408	
0.831689	
0.815809	
0.729917	
0.977581	
0.826007	
0.574453	
0.79923	
0.60598	
0.698034	
0.994843	
1.28073	
1.07354	
0.894557	
0.864246	
0.655035	
0.448866	
0.577189	
0.96779	
0.997928	
0.921297	
0.777919	
0.716791	
0.390603	
0.780971	
1.43068	
1.35326	
1.56215	
1.47005	
1.26471	
0.976311	
1.05407	
1.40497	
1.4271	
1.27979	
1.49425	
1.51606	
1.27451	
1.24787	
1.06542	
0.913674	
0.508239	
0.73994	
1.07646	
1.17131	
1.16184	
1.04768	
0.842666	
0.849184	
0.797812	
0.775135	
1.12907	
0.855524	
0.596841	
0.739462	
0.773092	
0.966375	
1.17298	
1.39433	
1.02458	
1.21088	
1.24721	
1.30129	
1.29382	
1.01975	
0.887456	
0.698392	
0.611333	
0.334783	
0.646824	
0.578336	
0.800661	
1.12	
0.696807	
0.722747	
0.576064	
0.758038	
0.772806	
0.557664	
0.596163	
0.644393	
0.726596	
1.04256	
0.985383	
1.21465	
1.26715	
1.09824	
1.34444	
1.13566	
1.14076	
0.915321	
0.621588	
0.990295	
0.990068	
0.960751	
0.987324	
1.19542	
0.929856	
1.13665	
1.04166	
0.888446	
0.636755	
0.661349	
0.934104	
0.955715	
1.22211	
1.1443	
1.31854	
1.06251	
1.23186	
1.12976	
1.0728	
0.872667	
0.980434	
0.802381	
1.04571	
1.05661	
0.797142	
0.52409	
0.380015	
0.599224	
0.813505	
0.95777	
0.691915	
0.953475	
0.96674	
0.536386	
0.51327	
0.753407	
0.718034	
0.876549	
0.67495	
0.954317	
1.17737	
1.60541	
1.65374	
1.7687	
1.6377	
1.47797	
0.981588	
0.692818	
0.550556	
0.552678	
0.708503	
0.765377	
0.639738	
1.00445	
0.711872	
0.739028	
0.682961	
0.77536	
1.14626	
0.785114	
1.03349	
1.00321	
1.25878	
1.60157	
1.63002	
1.76268	
1.83178	
1.65544	
1.77529	
1.98747	
1.30542	
0.921129	
0.940968	
0.619434	
0.916158	
1.17581	
1.36781	
1.32232	
1.12922	
1.24286	
1.13026	
0.960612	
0.972518	
0.934591	
0.769484	
0.662989	
0.793815	
0.753014	
0.743189	
0.875032	
0.972979	
0.926207	
0.717417	
0.892838	
0.981755	
0.756193	
0.758191	
0.814763	
0.622049	
0.999099	
1.18155	
1.33955	
1.46409	
1.34089	
1.38481	
1.18138	
0.882946	
1.09551	
1.24424	
1.53234	
1.83571	
1.6869	
1.70342	
1.60138	
1.42941	
1.44866	
1.1597	
1.20056	
1.03178	
1.12395	
1.1767	
1.06112	
1.16484	
1.27574	
1.46038	
1.21665	
1.11551	
1.25547	
1.09733	
1.19907	
1.50494	
1.7993	
1.95842	
1.80427	
1.74794	
1.52183	
1.23288	
1.07591	
1.35055	
1.22337	
1.19056	
1.01784	
1.27822	
1.28596	
1.72245	
1.80454	
1.78983	
1.67622	
1.36954	
1.44527	
1.5705	
1.68769	
1.76967	
2.31863	
2.3312	
2.19597	
2.57437	
2.51379	
1.88544	
1.78775	
1.14282	
1.09974	
1.18609	
1.24569	
1.4802	
1.3893	
1.27641	
1.30613	
1.49064	
1.41364	
1.43416	
1.49029	
1.05653	
0.875299	
1.00598	
0.714996	
0.889355	
1.09374	
1.0472	
1.31146	
1.20922	
1.23655	
1.19379	
0.808408	
0.688731	
0.750295	
0.791037	
0.937742	
1.15333	
1.37289	
1.27487	
1.66785	
1.41387	
1.42308	
1.41586	
0.925182	
0.756033	
0.773686	
0.565312	
0.62315	
0.829559	
0.847089	
0.717224	
0.723652	
0.736493	
0.893971	
0.818072	
0.92171	
0.947593	
0.965435	
0.964551	
1.04805	
1.06887	
1.22394	
0.80255	
0.720262	
0.92016	
0.53766	
0.694585	
0.342239	
0.425113	
0.695657	
0.375621	
0.557882	
0.663079	
0.646076	
0.771993	
0.829183	
0.963282	
0.969634	
1.17659	
1.1699	
1.08177	
0.935041	
0.846987	
0.629538	
0.477823	
0.882785	
0.889074	
1.00786	
0.809338	
0.853174	
1.23726	
0.768291	
0.692582	
0.85044	
0.463244	
0.583494	
0.592749	
0.601086	
0.639365	
0.420515	
0.651097	
0.918975	
0.858029	
0.725257	
0.746319	
0.421666	
0.650222	
0.811249	
0.971094	
1.07596	
0.734059	
0.579264	
0.704646	
0.578104	
0.608319	
0.376696	
0.523197	
0.729192	
0.610044	
0.577547	
0.664167	
0.244354	
0.238941	
0.590892	
0.64417	
1.07179	
0.776085	
0.502546	
0.640647	
0.782248	
0.847526	
0.881975	
1.42479	
1.24505	
0.758136	
0.664804	
0.205544	
0.272099	
0.323656	
0.645094	
0.889075	
0.939279	
0.942093	
0.952141	
0.583374	
0.428607	
0.429924	
0.371223	
0.346669	
0.18194	
0.647308	
0.76066	
0.63216	
0.544611	
0.374043	
0.274683	
0.419069	
0.570796	
0.415961	
0.725309	
0.735222	
0.409746	
0.385998	
0.516696	
0.877434	
1.1015	
1.29772	
1.09411	
0.830531	
0.69187	
0.566317	
0.526492	
0.829736	
0.8104	
0.730604	
0.869317	
1.34141	
1.34153	
1.40724	
1.31992	
0.999129	
0.933586	
0.302359	
0.399505	
0.528496	
0.530596	
0.759312	
0.636023	
0.554009	
0.650496	
0.629957	
0.737197	
0.667407	
0.700175	
0.710826	
0.841083	
0.579408	
0.44852	
0.285839	
0.150876	
0.340807	
0.396645	
0.881871	
0.932408	
1.04369	
0.852222	
0.779833	
0.570892	
0.248332	
0.416396	
0.540918	
0.223078	
0.453511	
0.707545	
0.994382	
0.951745	
1.09075	
0.902921	
0.507502	
0.476503	
0.580897	
0.595688	
0.310914	
0.601451	
0.715715	
0.398947	
0.435563	
0.36799	
0.336239	
0.219702	
0.500436	
0.547637	
0.770807	
0.551727	
0.628683	
0.828245	
0.318564	
0.543206	
0.854619	
0.747308	
0.442868	
0.614933	
0.498792	
0.314965	
0.628087	
0.558679	
0.693217	
0.630532	
0.628118	
0.822708	
0.755391	
0.879253	
1.00601	
1.11211	
1.28953	
1.30293	
1.30772	
0.975106	
0.854842	
0.774622	
0.840343	
1.07461	
1.34785	
1.05887	
1.12517	
1.17723	
0.823013	
1.64171	
1.73589	
1.75458	
1.99916	
1.77619	
2.18393	
2.37478	
2.16152	
2.27275	
2.70569	
2.30187	
2.40604	
2.80638	
2.85645	
2.84337	
2.85637	
2.91863	
2.85338	
3.0353	
2.92596	
2.87393	
3.04016	
2.62201	
2.80843	
2.21391	
1.8365	
2.11725	
2.49122	
2.55501	
3.12084	
3.53768	
3.4107	
3.06498	
2.93657	
3.05938	
2.75409	
2.35129	
2.51977	
2.42349	
2.09234	
1.99517	
2.42261	
2.58808	
2.56113	
3.18695	
3.30037	
3.00792	
2.60934	
2	
1.84808	
1.37205	
1.99251	
2.38678	
2.18118	
2.22698	
2.07843	
1.90301	
1.7103	
1.50172	
1.68192	
1.5824	
1.25308	
1.13059	
0.858307	
0.850739	
0.805246	
1.41802	
1.40246	
1.39744	
1.81402	
1.79189	
1.80617	
1.92447	
1.75868	
1.88209	
1.63011	
1.7996	
1.98124	
1.75466	
1.54992	
1.23959	
1.63658	
1.47841	
1.51152	
1.71839	
1.85769	
1.62218	
1.91035	
2.14528	
1.76979	
1.97074	
1.69823	
1.5756	
1.70211	
1.3633	
1.52173	
1.31448	
1.30645	
1.98975	
2.08681	
2.30134	
2.34449	
2.16327	
1.70105	
1.2904	
1.42603	
1.61986	
1.71388	
1.7406	
1.73881	
1.65649	
1.59744	
1.38836	
1.42124	
1.60837	
1.64959	
1.81116	
2.05574	
1.59326	
1.37958	
1.23527	
1.37381	
1.1071	
1.28131	
1.61362	
1.85043	
1.85211	
2.26739	
2.24493	
1.8456	
1.77054	
1.95647	
2.06501	
2.09587	
2.29455	
2.31466	
2.15245	
1.95809	
2.15896	
2.11733	
1.87041	
1.22836	
1.09964	
1.01693	
1.04512	
1.24544	
1.2877	
1.40078	
1.3231	
1.37062	
1.33208	
1.3176	
1.20451	
1.27044	
1.02561	
1.27239	
1.23278	
1.47054	
1.39216	
1.22379	
1.53942	
1.46679	
1.60965	
1.61854	
1.69609	
1.55828	
1.21499	
1.4091	
1.6515	
1.61066	
1.65675	
1.75641	
1.56203	
1.05689	
1.03495	
1.1943	
1.1139	
0.973063	
1.14224	
1.03918	
1.0804	
1.36058	
1.89727	
2.04429	
2.12924	
2.50563	
2.65953	
2.19619	
1.66758	
1.54922	
1.33908	
1.00071	
0.938727	
1.29664	
1.14181	
1.35513	
1.22659	
1.24308	
1.26935	
1.05686	
1.55066	
1.7822	
1.38517	
1.75041	
1.63578	
1.46525	
1.62075	
1.2446	
1.10309	
0.52448	
0.63937	
1.20603	
1.17519	
1.1479	
1.49662	
1.28029	
1.45984	
1.45327	
1.50507	
1.29383	
0.8329	
1.12338	
1.26042	
1.35617	
1.64208	
1.49185	
1.21974	
0.99195	
0.902163	
0.879517	
0.851782	
1.27402	
1.42576	
1.43922	
1.26615	
0.973347	
0.790143	
1.02769	
0.711516	
1.02189	
1.47894	
1.50811	
1.78393	
1.70869	
1.42584	
1.32713	
1.48068	
1.34798	
1.69423	
1.49856	
1.82148	
2.01475	
1.90454	
2.13905	
1.92487	
2.08539	
1.94182	
1.96046	
2.03124	
1.41465	
1.24478	
1.0902	
0.63581	
0.732039	
0.961134	
1.1675	
1.67379	
2.27451	
2.50636	
2.67132	
2.52386	
2.46524	
2.2346	
1.83877	
2.02136	
1.85376	
1.86062	
1.82939	
2.50933	
2.48838	
2.52187	
2.55594	
2.34923	
2.2983	
2.03802	
2.1574	
2.25235	
2.19744	
2.15115	
2.136	
2.10471	
1.80145	
1.9003	
1.89646	
1.5577	
1.71406	
1.72793	
2.04511	
1.65866	
1.90753	
1.95933	
1.98269	
2.10329	
2.26877	
2.40355	
2.54754	
2.49547	
2.65145	
2.5873	
2.64188	
2.76378	
2.70649	
2.752	
2.72128	
2.88356	
2.68216	
2.84785	
2.88965	
2.87448	
2.9027	
3.0042	
2.93516	
2.81273	
2.65861	
2.61713	
2.35807	
2.122	
2.04041	
2.20984	
2.13633	
1.88968	
2.3996	
2.60713	
2.98519	
3.14618	
3.23225	
3.10947	
3.1049	
2.67763	
2.58424	
2.60048	
2.30458	
2.05561	
1.9569	
1.83353	
2.03145	
2.12725	
2.40662	
2.54482	
2.52476	
2.619	
2.45813	
2.4234	
2.41674	
2.64465	
2.84617	
3.04664	
3.20796	
2.97435	
2.50824	
2.157	
2.1037	
2.28157	
2.61277	
2.69255	
2.82087	
2.77816	
2.78271	
2.40204	
2.24072	
2.08782	
1.75608	
1.28917	
1.43523	
1.65687	
1.79131	
1.57502	
1.6524	
1.77937	
1.75251	
1.70592	
1.9684	
1.74956	
1.15557	
1.3883	
1.56059	
1.89063	
2.0253	
2.34244	
2.32812	
1.98227	
1.82972	
1.71783	
1.29959	
0.990736	
0.879932	
1.29838	
1.16934	
1.29515	
1.48351	
1.74043	
1.79123	
1.35917	
1.88341	
2.06748	
1.76544	
1.84757	
2.23547	
2.07452	
1.99835	
1.77028	
1.85292	
1.54985	
1.73828	
1.95953	
2.52473	
2.8984	
2.90974	
2.90769	
2.73031	
2.12409	
2.39882	
1.98322	
1.63663	
1.79728	
1.53897	
1.83286	
2.17145	
2.5724	
2.75347	
2.54112	
2.40991	
2.41226	
1.89835	
1.77674	
1.82667	
1.6622	
1.87348	
2.06184	
2.01262	
2.2725	
2.23811	
2.0526	
1.85946	
1.41753	
1.69235	
1.24436	
1.17219	
1.44769	
1.59787	
1.67078	
1.87333	
2.03609	
2.01833	
2.15268	
2.02796	
2.42777	
2.38654	
2.12061	
2.26689	
2.15646	
2.29924	
2.4892	
2.43094	
2.43118	
2.2849	
2.23865	
2.19392	
2.39299	
2.22394	
2.35552	
2.55285	
2.59191	
2.97555	
2.82342	
2.7864	
2.53074	
2.53664	
2.61853	
2.24276	
2.5273	
2.12506	
2.40459	
2.49762	
2.75071	
3.11301	
2.92609	
3.00105	
2.81638	
2.95207	
2.51605	
2.72019	
2.85267	
2.14303	
2.22177	
2.33397	
1.98464	
1.91762	
2.13711	
2.1606	
1.92698	
2.21949	
2.31708	
2.25707	
2.20826	
2.45304	
2.34534	
2.15926	
2.40117	
2.38883	
2.28698	
2.13081	
2.0893	
2.19098	
1.97561	
1.95285	
2.18657	
2.09782	
2.07255	
2.03494	
2.20359	
2.31587	
2.00716	
1.82218	
2.21429	
1.87929	
1.65451	
2.00031	
1.90497	
1.62304	
1.89158	
2.02428	
1.78487	
1.79617	
1.91586	
1.81969	
1.82452	
1.69819	
1.81857	
1.64861	
1.38832	
1.62461	
1.27303	
1.24441	
1.14274	
0.996682	
1.02155	
0.911343	
1.2082	
1.22714	
1.45814	
1.21325	
0.967395	
0.765549	
0.765008	
0.83838	
0.81162	
1.22365	
1.10115	
1.3242	
1.58541	
1.514	
2.05595	
2.1464	
2.10152	
1.68452	
1.75941	
1.90599	
2.06746	
2.05309	
2.07193	
2.14489	
1.93008	
1.79118	
2.09917	
2.25541	
2.36645	
2.41094	
2.4131	
2.15805	
2.32732	
2.28339	
1.87496	
1.8282	
1.90011	
2.06991	
2.38218	
2.77168	
2.86397	
2.56587	
2.7845	
3.02085	
3.13692	
3.12333	
2.83733	
2.60341	
2.43795	
2.33854	
2.52561	
2.21854	
2.10023	
2.30421	
2.32876	
2.62929	
2.78384	
2.85361	
2.73907	
2.73711	
3.18169	
3.16978	
3.30954	
3.01767	
2.67269	
2.6973	
2.28524	
2.41192	
2.47438	
2.16251	
2.31487	
2.23983	
1.91407	
2.15017	
2.02128	
1.72807	
1.92944	
1.93273	
2.16389	
2.27975	
2.2803	
1.95832	
2.13105	
2.2401	
2.07593	
2.12926	
2.10133	
1.64671	
1.43789	
1.55716	
2.01715	
2.12828	
2.39124	
2.65851	
2.35462	
2.29464	
2.15818	
2.23295	
1.95596	
1.84035	
2.1182	
1.85346	
1.88577	
1.91564	
1.68348	
1.54568	
1.16691	
1.38066	
1.47285	
1.52616	
1.82377	
1.9556	
2.56526	
2.89055	
3.25221	
3.30787	
2.9065	
2.43921	
2.3019	
2.36757	
2.85114	
2.64345	
2.63897	
2.78936	
2.63365	
2.70569	
3.04145	
3.00763	
2.67096	
2.66836	
2.46518	
2.4575	
2.78291	
2.85272	
2.80111	
2.8751	
2.81908	
2.99299	
2.67096	
2.54282	
2.54127	
2.44946	
2.8568	
2.86658	
2.96924	
2.72709	
2.31929	
2.41558	
2.77792	
3.07237	
3.15531	
2.99428	
2.84607	
2.96667	
2.66686	
2.49102	
2.77105	
2.55989	
2.38973	
2.57065	
2.65547	
2.26343	
2.10509	
2.32684	
2.44225	
2.23926	
2.46772	
2.42202	
1.81428	
1.59244	
1.44289	
1.26621	
1.13772	
1.01644	
1.47901	
1.2476	
1.07255	
1.25767	
1.23325	
1.23804	
1.29092	
1.44252	
1.31745	
1.21735	
1.23369	
1.25365	
1.37957	
1.36544	
1.73587	
1.91959	
1.86758	
1.60106	
1.59275	
1.65329	
1.38512	
1.38972	
1.45973	
1.25913	
0.952828	
0.92658	
1.2589	
0.951967	
1.11535	
1.22419	
1.2055	
0.874248	
1.12578	
1.26247	
1.06477	
1.07136	
1.31933	
1.48192	
1.61295	
1.59359	
1.5473	
1.76708	
1.50028	
1.45983	
1.45313	
1.18518	
0.956599	
1.3735	
1.43453	
1.62182	
1.60715	
1.19226	
1.20353	
1.13108	
1.31456	
1.55737	
1.6576	
1.42878	
1.20053	
1.08825	
0.724894	
0.692827	
1.01685	
0.951074	
0.927105	
0.796686	
0.911871	
0.968657	
1.30187	
1.37399	
1.35717	
1.13318	
1.03368	
0.807185	
0.706499	
1.00659	
1.06113	
0.949318	
1.64966	
1.46783	
1.24232	
1.49695	
1.56423	
1.27669	
0.864767	
0.634977	
0.925213	
1.2759	
1.14671	
1.23646	
1.14764	
0.873842	
1.09132	
1.34405	
1.26717	
1.45385	
1.62345	
1.37531	
1.09825	
1.14488	
1.30829	
1.40989	
1.41233	
1.32276	
1.43472	
1.62593	
1.41153	
1.46392	
1.48424	
1.19312	
1.49716	
1.96253	
1.91164	
1.7724	
1.82384	
1.579	
1.58483	
1.5961	
1.70932	
1.90152	
1.50911	
1.34337	
1.48718	
1.35541	
1.44188	
1.32352	
1.4604	
1.49806	
1.41986	
1.42883	
1.37864	
1.24787	
1.31078	
1.20226	
1.07267	
1.06415	
0.950824	
1.11626	
0.994131	
0.914661	
1.00021	
1.16042	
1.17763	
1.53752	
1.81256	
1.68689	
1.5074	
1.61159	
1.72891	
1.70044	
1.62809	
1.94581	
2.02854	
1.91768	
1.9493	
2.04157	
2.05494	
1.73445	
1.89304	
1.67013	
1.43842	
1.42148	
1.75414	
1.89562	
1.61408	
1.62907	
1.45683	
1.41614	
1.42913	
1.80816	
1.86632	
1.32308	
1.66304	
1.95774	
2.39935	
2.32791	
2.17941	
2.50724	
1.87539	
1.8569	
2.18615	
2.71344	
2.53754	
2.57519	
2.57354	
2.44361	
2.23057	
1.89651	
1.93175	
1.79581	
1.6014	
1.4621	
1.72821	
1.61951	
1.44606	
1.29554	
1.39104	
1.31998	
1.30572	
1.73928	
1.70424	
1.52866	
1.55366	
1.77883	
1.65908	
1.6162	
1.75752	
2.01011	
2.17453	
2.24659	
2.35983	
2.37314	
1.84393	
1.64778	
1.29797	
1.24113	
1.11096	
1.12265	
1.26937	
1.24205	
1.0603	
1.11091	
1.33346	
1.30787	
1.0705	
1.14914	
1.24251	
1.11237	
1.34249	
1.34776	
1.18089	
1.45967	
1.44035	
1.14376	
1.74365	
1.47491	
1.53132	
1.42105	
1.11589	
1.3603	
1.31175	
1.52958	
1.46001	
1.49251	
1.39125	
1.61936	
1.6993	
1.70382	
1.40716	
1.25719	
1.51824	
1.37354	
1.36704	
1.88734	
1.49798	
1.97902	
1.95429	
1.84722	
1.88637	
1.42307	
1.45667	
1.54968	
1.84371	
1.8688	
1.97081	
1.88664	
1.64815	
1.3435	
1.19937	
1.24386	
0.987497	
1.3835	
1.40002	
1.43495	
1.36409	
1.27142	
1.52432	
0.960059	
0.960526	
1.33729	
0.965076	
1.17343	
1.20652	
1.08169	
1.00689	
0.991437	
1.33604	
1.40288	
1.31297	
1.13591	
1.27735	
1.20957	
0.854923	
0.657105	
0.683369	
0.545317	
0.399924	
0.709959	
0.708195	
0.478066	
0.355363	
0.669042	
0.751782	
0.91318	
1.39017	
1.62098	
1.16576	
0.881922	
0.940426	
0.892565	
0.856072	
0.901674	
0.991315	
0.93379	
0.783611	
1.30512	
1.07686	
1.26622	
1.1939	
1.36731	
1.25813	
1.35935	
1.59081	
1.58426	
1.49152	
1.24855	
1.18335	
1.34856	
1.33657	
1.38083	
1.14719	
1.46646	
1.34707	
1.47994	
1.81465	
1.50499	
1.43052	
1.11686	
1.39026	
1.24414	
0.995954	
1.45909	
1.30631	
1.28855	
1.65786	
1.87611	
1.83121	
1.46877	
1.48605	
1.36665	
1.60911	
1.5159	
2.06241	
2.08576	
1.882	
1.90932	
2.1411	
2.57376	
2.4508	
2.50146	
2.46687	
2.56042	
2.46573	
2.64404	
2.83232	
2.60987	
2.22695	
2.42291	
1.9276	
1.78446	
1.90051	
1.78207	
1.8366	
2.06292	
2.50842	
2.74095	
2.50531	
2.15069	
2.28521	
2.32448	
2.32281	
2.66292	
2.96247	
2.89093	
2.7031	
2.332	
2.55822	
2.63747	
2.67717	
2.81066	
2.82624	
2.7835	
2.91964	
3.01713	
2.99783	
2.89749	
2.9378	
2.81079	
2.54448	
2.58901	
2.67221	
2.85888	
2.95694	
3.17951	
3.10851	
3.10993	
2.73483	
2.81429	
2.68537	
2.46386	
2.66759	
2.554	
2.36754	
2.37804	
2.50322	
2.58498	
2.49228	
2.23378	
2.10867	
1.81977	
2.04602	
1.73911	
1.47495	
1.71498	
1.47963	
1.47408	
1.87212	
1.37123	
1.28048	
0.97579	
1.06426	
1.14973	
1.32656	
1.62907	
1.3069	
1.40395	
1.22311	
1.64255	
2.04313	
1.88373	
1.89141	
2.02176	
1.79025	
1.74576	
1.81061	
1.79453	
1.51394	
1.39992	
1.33168	
1.30406	
1.33378	
1.52252	
1.78655	
1.58064	
1.59877	
1.96584	
2.05764	
1.90179	
2.1277	
1.91796	
2.0151	
1.99744	
2.28744	
2.66581	
2.60421	
2.60195	
2.77504	
2.54468	
2.50163	
2.67307	
2.59378	
2.65398	
2.48012	
2.35241	
2.2928	
2.11586	
2.11575	
2.32902	
2.21321	
2.31022	
2.33839	
2.34691	
2.15281	
2.08348	
1.75437	
1.48318	
1.37389	
1.88888	
1.98656	
2.05353	
1.53097	
1.32247	
1.66694	
1.32207	
1.43926	
1.73526	
1.55194	
1.84051	
1.75345	
1.47579	
1.64402	
1.13914	
1.1132	
1.06831	
1.35625	
1.56847	
1.74113	
2.22927	
2.18553	
2.20535	
2.42125	
2.32802	
1.98061	
2.35271	
2.13662	
2.28638	
2.46136	
2.51658	
2.75181	
2.62147	
2.54775	
2.67582	
2.20543	
2.44059	
2.16235	
2.57563	
2.64638	
2.29609	
2.78449	
2.66646	
2.60614	
2.18125	
1.90259	
2.18514	
1.95522	
1.99355	
2.55308	
2.35341	
2.18512	
2.39779	
2.86154	
2.6122	
2.50756	
2.54313	
2.48207	
1.89026	
2.1242	
2.74434	
2.50066	
2.98254	
3.43019	
3.62314	
3.51548	
3.24949	
3.26125	
2.74549	
2.27848	
2.40065	
2.76932	
2.93162	
2.52196	
2.47579	
2.15647	
1.746	
1.97728	
2.07686	
2.09233	
1.77869	
1.66497	
1.99252	
2.28404	
2.04798	
2.63863	
2.78288	
2.6211	
2.82089	
3.16955	
2.53385	
1.94488	
1.59813	
1.44493	
1.21317	
1.12067	
1.50874	
1.15561	
0.904545	
1.49501	
2.10189	
2.38165	
2.46694	
2.78001	
2.99073	
2.67358	
2.82059	
3.13545	
2.91752	
2.73332	
2.7154	
2.87489	
3.00266	
3.02297	
3.10233	
3.18141	
2.8583	
2.90611	
2.65989	
2.74542	
2.61749	
3.2482	
3.65429	
3.75155	
3.55154	
3.51365	
3.11911	
2.66231	
2.42683	
2.29222	
2.16697	
1.82626	
2.10564	
2.43187	
2.13154	
2.20523	
2.30158	
2.12548	
2.17884	
2.42459	
2.66665	
2.32771	
2.15201	
2.07833	
1.98386	
1.82591	
2.42813	
2.71842	
2.8757	
3.28155	
3.34245	
3.38548	
3.06439	
2.86819	
2.51137	
2.06098	
2.23387	
2.38041	
2.46041	
3.02327	
3.05511	
3.30146	
3.39103	
3.54406	
3.44131	
3.03751	
3.07459	
2.8662	
2.4959	
2.59338	
2.62902	
2.69762	
3.09523	
3.08899	
3.28594	
3.36396	
3.09711	
2.77495	
2.43631	
1.80242	
1.71917	
1.37962	
1.18219	
1.32877	
1.63476	
1.62394	
1.72789	
2.23957	
2.15057	
2.17042	
2.08147	
2.01028	
2.1556	
2.05255	
2.08134	
2.31694	
2.32622	
2.37161	
2.36204	
2.34425	
2.33596	
2.12201	
2.14035	
2.63868	
2.4078	
2.3295	
2.54557	
2.39044	
2.11023	
2.00222	
1.85479	
1.45856	
1.40116	
1.47264	
1.64802	
2.03382	
2.23758	
2.28582	
1.99082	
1.97267	
1.82882	
2.11356	
2.25426	
2.12335	
2.20517	
1.90993	
1.84865	
1.9098	
2.17891	
2.22438	
2.28798	
2.64	
2.76579	
3.25651	
3.09993	
3.05259	
2.64047	
2.44193	
2.7257	
2.64483	
3.01846	
3.01225	
3.20867	
3.01529	
2.74319	
2.68686	
2.59496	
2.64228	
2.30448	
2.61894	
2.82203	
2.5963	
3.07626	
3.02525	
3.1155	
2.89546	
2.96414	
3.24978	
3.22793	
3.0304	
3.29744	
3.47817	
3.4513	
3.35201	
3.4442	
3.11639	
2.604	
2.8475	
3.01408	
2.73877	
2.98039	
3.08172	
2.96295	
2.92853	
2.58101	
2.93494	
2.84083	
2.3746	
2.4121	
2.33764	
2.42665	
2.50021	
2.86429	
3.15331	
3.00223	
2.90449	
3.0244	
2.91338	
2.67503	
2.63927	
2.54629	
2.57989	
2.29349	
2.45806	
2.74666	
2.46836	
2.59012	
2.68781	
2.59817	
2.36437	
2.46849	
2.58632	
2.51091	
2.71208	
3.00029	
3.28451	
2.85259	
2.75017	
2.7895	
2.52374	
2.61452	
2.66215	
3.05049	
2.93663	
2.8835	
2.89825	
2.74936	
2.7381	
2.54909	
2.78399	
2.55355	
2.70832	
2.73036	
2.83559	
2.73172	
2.45175	
2.24834	
2.2495	
2.01745	
1.97706	
2.08314	
2.13658	
2.28626	
2.45271	
2.39572	
2.55029	
2.29678	
2.27873	
2.32617	
2.36128	
2.66213	
2.64761	
2.61669	
2.49468	
2.43938	
2.33645	
2.41743	
2.03202	
1.95433	
1.631	
1.51103	
1.84207	
1.60043	
1.67631	
1.77378	
1.84383	
1.9004	
2.31943	
2.54629	
2.42033	
1.98003	
1.81729	
1.5868	
1.40575	
1.4912	
1.99324	
2.11736	
2.22063	
2.21028	
2.17767	
2.18822	
2.10008	
1.95412	
1.77946	
1.92028	
1.92675	
2.11317	
2.38571	
2.25252	
2.10489	
2.0891	
1.9844	
1.94462	
1.73329	
2.01099	
2.07062	
2.27924	
2.09225	
2.33746	
2.08687	
1.62994	
1.80204	
1.73502	
1.7907	
1.79228	
1.89925	
1.7811	
1.74837	
1.79149	
2.09415	
2.34298	
2.35289	
2.41529	
2.65293	
2.33583	
2.54809	
2.43527	
2.23563	
2.25557	
2.05103	
2.27914	
2.44808	
2.42254	
2.43899	
2.60771	
2.27537	
2.42605	
2.21045	
2.29067	
2.33039	
2.28141	
2.40913	
2.53093	
2.5418	
2.70778	
2.45864	
2.63829	
2.62452	
2.89806	
2.91294	
2.76087	
2.57806	
2.43226	
2.45009	
2.4229	
2.37288	
2.05484	
2.19747	
2.2397	
2.31494	
2.31187	
2.41844	
2.36108	
2.38204	
2.25048	
2.25162	
2.09393	
2.12402	
1.97451	
1.97407	
2.11258	
1.92325	
2.06506	
2.47743	
2.61813	
2.32756	
2.54776	
2.53761	
2.31669	
2.20704	
2.46949	
2.64751	
2.82355	
2.96945	
2.82691	
2.66406	
2.8998	
2.60893	
2.76142	
2.76911	
2.70653	
2.85504	
2.66876	
2.8309	
3.03432	
3.1077	
2.89932	
2.83327	
2.6012	
2.6645	
2.6607	
2.82271	
2.94013	
3.38773	
2.98253	
2.8891	
2.90541	
2.8346	
3.01293	
2.63519	
2.746	
2.55474	
2.35075	
2.64942	
2.65695	
2.6923	
2.60783	
2.43068	
2.5866	
2.4659	
2.46862	
2.22567	
2.31009	
2.40083	
2.88452	
3.01079	
3.2711	
3.10803	
3.17222	
3.2141	
3.42328	
3.16725	
3.06863	
3.17503	
2.76546	
2.99363	
2.90412	
2.86587	
2.66255	
2.26121	
2.35489	
2.11858	
2.17866	
2.62192	
2.36066	
2.47311	
2.37926	
2.52285	
2.63423	
2.77692	
2.74406	
2.70715	
2.67029	
2.29805	
2.52546	
2.35804	
2.17859	
2.27135	
2.33434	
2.4789	
2.62395	
2.41379	
2.50233	
2.13438	
2.30993	
2.39031	
2.74922	
2.81799	
2.58414	
2.43908	
2.42338	
2.26022	
2.50468	
2.49883	
2.5886	
2.99978	
2.9699	
3.3881	
3.60837	
3.57645	
3.58337	
3.80781	
3.70423	
3.84129	
3.79114	
3.52392	
3.28011	
2.94823	
2.78255	
3.16537	
3.30444	
3.59901	
3.30076	
3.0412	
3.18965	
2.86387	
2.97593	
3.19623	
3.14054	
3.19701	
3.60763	
3.53858	
3.71348	
3.69353	
3.59393	
3.54975	
3.67938	
3.56146	
3.54187	
3.27995	
3.12424	
3.02491	
2.71744	
2.94173	
2.99201	
2.73353	
2.79982	
3.18981	
3.07401	
3.00844	
2.82886	
2.78933	
2.32964	
1.95275	
2.42218	
2.84141	
2.73347	
3.04179	
3.13906	
3.16471	
3.04784	
2.65387	
2.40729	
2.16451	
1.69165	
1.96115	
1.99443	
2.15443	
2.62264	
2.71204	
2.81275	
2.98683	
2.88338	
2.82459	
2.64701	
2.46431	
2.56334	
2.67937	
3.08613	
3.10268	
3.39216	
3.23133	
2.95557	
2.8337	
2.83225	
3.18517	
3.05607	
2.92415	
2.83581	
2.73682	
2.926	
3.06508	
3.12433	
3.1617	
3.14979	
2.97321	
2.77668	
2.73084	
2.62165	
2.83954	
2.74128	
2.90007	
2.99892	
2.699	
2.96255	
2.87137	
3.04431	
3.0915	
3.04	
3.16246	
3.05379	
3.07605	
3.0516	
2.90753	
2.7584	
2.65814	
2.48462	
2.23507	
2.44108	
2.50067	
2.53302	
2.4872	
2.33808	
2.31365	
2.03103	
2.32374	
2.30469	
2.22393	
2.31361	
2.34044	
1.95261	
1.97646	
2.19463	
2.25356	
2.59013	
2.92326	
2.93902	
3.11701	
3.0587	
2.65015	
2.80265	
2.75835	
2.52969	
2.87844	
2.76833	
2.93964	
2.80618	
2.2943	
2.24216	
1.85458	
1.60368	
1.65601	
1.8173	
1.82795	
2.1946	
2.44164	
2.46739	
2.77203	
2.89989	
2.83958	
2.78589	
2.69874	
2.74784	
2.74241	
2.59417	
2.56464	
2.33151	
2.33042	
1.96356	
2.21589	
2.16021	
2.06756	
2.14658	
2.53938	
2.37514	
2.44798	
2.44475	
2.1957	
2.16771	
2.04132	
2.62419	
2.54782	
2.19146	
2.56754	
2.28897	
2.32829	
2.28965	
2.17108	
2.21074	
1.93557	
2.18283	
2.51343	
2.44425	
2.50546	
2.71691	
2.20946	
2.08812	
1.97669	
1.70074	
1.51711	
1.37831	
1.52675	
1.43007	
1.24193	
1.48226	
1.70221	
1.68527	
1.74402	
1.92257	
2.0008	
1.78644	
1.63689	
1.69486	
1.40655	
1.51213	
1.88739	
2.16291	
1.91272	
1.52547	
1.63603	
1.32433	
1.37151	
1.48873	
1.45272	
1.40909	
1.10528	
1.0483	
1.41903	
1.59901	
1.76354	
2.25909	
1.90721	
1.96049	
1.98782	
1.98067	
1.79823	
1.73301	
1.66363	
1.46586	
1.61432	
1.938	
1.85194	
1.89049	
1.68134	
1.70356	
1.82775	
1.73181	
1.63403	
1.72342	
1.5092	
1.50379	
1.62951	
1.61584	
1.82458	
2.07822	
1.72786	
1.68576	
1.89249	
1.89535	
1.99316	
1.84241	
1.63355	
1.61118	
1.58814	
1.89502	
2.01246	
2.09485	
1.75986	
1.54217	
1.23873	
1.34944	
1.69368	
1.46715	
1.79691	
1.83313	
1.78492	
1.56598	
1.67914	
1.79391	
1.8588	
2.14407	
2.34831	
2.31233	
2.37866	
2.2277	
1.93554	
1.88643	
2.15828	
2.05104	
2.13598	
1.97184	
2.24512	
2.11512	
2.00938	
2.53825	
2.20349	
2.37853	
2.68039	
2.52521	
2.6729	
2.74891	
2.81412	
2.53103	
2.40576	
2.41736	
2.53782	
2.43659	
2.26727	
2.47829	
2.44601	
2.55012	
2.84154	
2.85505	
2.69228	
2.3938	
2.06134	
2.20379	
2.3449	
2.24681	
2.48341	
2.46952	
2.64015	
2.69235	
2.76111	
2.51414	
2.64183	
2.6904	
2.40378	
2.48455	
2.57114	
2.78892	
2.51261	
2.42442	
2.70347	
2.64294	
2.66488	
2.78718	
3.0071	
3.09939	
2.97694	
2.96894	
2.71051	
2.49813	
2.56875	
2.78654	
2.68383	
2.77312	
2.86182	
2.86098	
2.60802	
2.76482	
2.97804	
2.75595	
2.36242	
2.18017	
1.91852	
1.72487	
1.45055	
1.83982	
1.96217	
1.93178	
2.02296	
2.03215	
1.90089	
1.9386	
1.94621	
1.65834	
2.21706	
2.13389	
2.53483	
2.67997	
2.9519	
3.4188	
3.37615	
3.01219	
2.73707	
2.59852	
2.277	
2.0999	
2.47994	
2.82889	
2.81318	
2.7973	
2.96201	
2.88294	
3.16156	
3.1701	
3.6432	
3.59151	
3.29691	
3.29931	
2.81806	
3.046	
2.76862	
2.6822	
2.66384	
2.63088	
2.90718	
2.86072	
3.3205	
3.55716	
3.63154	
3.65003	
3.52714	
3.51827	
3.14047	
3.13062	
2.96636	
2.87382	
3.42636	
3.31795	
3.18623	
3.29784	
3.24999	
2.66892	
2.20813	
2.35368	
2.55341	
2.35907	
2.35942	
2.42838	
2.38214	
1.9611	
2.05043	
2.04368	
2.22791	
2.39473	
2.496	
2.49307	
2.35682	
2.42986	
1.98628	
2.15204	
2.30955	
2.21734	
2.6062	
2.8747	
3.11882	
3.25938	
3.02159	
3.12457	
2.83032	
2.7673	
2.4918	
1.99768	
1.48213	
1.57756	
1.50296	
1.35141	
1.49616	
1.79988	
1.85128	
1.90723	
2.27416	
2.29022	
2.36069	
2.89125	
2.78885	
3.15917	
3.41127	
3.29194	
3.17692	
3.12572	
2.97117	
2.66319	
2.52943	
2.52331	
2.4252	
1.84361	
1.75689	
1.86018	
1.93404	
1.88936	
1.87495	
2.06834	
1.69734	
1.72917	
1.8942	
1.84888	
1.84532	
2.06666	
2.1385	
2.04649	
2.23939	
2.06326	
2.19358	
1.93238	
1.66629	
2.2751	
1.79366	
1.71183	
1.64866	
1.93872	
1.73864	
1.60492	
2.21818	
2.41416	
1.89101	
2.07028	
1.8771	
1.69279	
1.61853	
1.57604	
1.83636	
1.48073	
1.88104	
2.09027	
2.02874	
1.99637	
2.2993	
2.27584	
2.44574	
2.86683	
2.97042	
3.09165	
2.58561	
2.2099	
2.1673	
1.73253	
1.89983	
1.83251	
2.05744	
1.94267	
1.58524	
2.02073	
1.63053	
1.57488	
1.56435	
1.56203	
1.45342	
1.53343	
1.59104	
1.53974	
1.45048	
1.68011	
2.12434	
1.88217	
1.8081	
1.88551	
1.7538	
1.61944	
1.65834	
1.89148	
1.69996	
1.39597	
1.08246	
1.16677	
1.25968	
0.910197	
1.00292	
1.08086	
1.00025	
1.22877	
1.3729	
1.56191	
1.89029	
2.02204	
1.74945	
1.84761	
1.77112	
1.87338	
2.36973	
2.61173	
2.72865	
2.40735	
2.15145	
2.15247	
1.90485	
2.17619	
1.48059	
1.56117	
1.43699	
1.21952	
1.50297	
1.22263	
0.892519	
0.972014	
0.948222	
0.898066	
0.731711	
0.873916	
0.620026	
0.841178	
0.686148	
1.03315	
1.38555	
1.43715	
1.55507	
1.72065	
1.75149	
1.37126	
1.33848	
1.0135	
0.686302	
0.815255	
0.709886	
0.991068	
1.21789	
1.34577	
1.39339	
1.15835	
1.13115	
1.46467	
1.15418	
1.05401	
0.962349	
0.975218	
0.829304	
0.902927	
0.965978	
0.876663	
0.898313	
1.07563	
1.31469	
1.37244	
1.30317	
1.27821	
1.35488	
1.16948	
1.4848	
1.43828	
1.41648	
1.42897	
1.49945	
1.20451	
1.0321	
1.16156	
1.26867	
1.44087	
1.76037	
2.08049	
2.27471	
2.14256	
1.9352	
2.09748	
1.94428	
1.85877	
2.11016	
2.00209	
1.83082	
1.7509	
1.39515	
1.67902	
2.014	
2.23564	
2.41725	
2.35934	
2.26966	
2.16718	
2.11482	
1.99316	
2.20048	
2.17864	
2.07526	
2.00997	
2.12232	
2.09596	
1.92788	
2.0359	
1.93248	
1.80243	
2.09104	
2.15308	
2.002	
2.02199	
2.03634	
2.1167	
2.18807	
2.0743	
2.31903	
2.34508	
2.2173	
2.62497	
2.53616	
2.49802	
2.18223	
2.03941	
1.87808	
1.89652	
2.26805	
2.32634	
2.62729	
2.79435	
2.34588	
2.55497	
2.31759	
2.29082	
2.46034	
2.37201	
2.32555	
2.66511	
2.69595	
2.47083	
2.40435	
2.07375	
1.83436	
1.93788	
2.0079	
1.98673	
2.03746	
2.09727	
1.82391	
2.14286	
1.8261	
1.77807	
1.83626	
1.58787	
1.95373	
1.99434	
1.89895	
2.10136	
2.06353	
2.30064	
2.2824	
2.03281	
2.28925	
2.20476	
2.21152	
2.44134	
2.50045	
2.35452	
2.18616	
2.09024	
2.09221	
1.82321	
2.25073	
2.5564	
2.3961	
2.36074	
2.47887	
2.32146	
2.35076	
2.02911	
2.10374	
1.98719	
1.62994	
2.04659	
1.89349	
2.12199	
2.02921	
2.14624	
2.70914	
2.54268	
2.76064	
2.4538	
1.58115	
1.54353	
1.57925	
1.65488	
1.61268	
1.70044	
1.88459	
1.68774	
2.04613	
2.27708	
2.3729	
2.04034	
2.1763	
1.94129	
1.8789	
1.82201	
1.93734	
2.045	
1.91196	
2.37665	
2.54008	
2.24664	
2.35606	
2.29201	
2.23062	
2.20821	
2.34495	
2.35576	
2.11892	
2.12337	
2.04456	
2.32272	
2.34616	
2.30998	
2.65957	
2.46147	
2.03648	
2.0562	
2.37473	
2.02267	
1.81827	
2.05768	
2.18267	
2.2203	
2.41248	
2.55008	
2.35708	
2.07402	
1.892	
2.0773	
1.75272	
1.6149	
2.35318	
2.28367	
2.35494	
2.48709	
2.60845	
2.07914	
1.91854	
2.32737	
2.30049	
2.30621	
2.3581	
2.70286	
2.27748	
2.11241	
2.3126	
2.04649	
2.1489	
2.16251	
2.65202	
2.42204	
2.07807	
2.30759	
2.37951	
2.43281	
2.28295	
2.74956	
2.62507	
2.10574	
2.2019	
2.27596	
2.37161	
2.28523	
2.36085	
2.36837	
1.94487	
1.93344	
2.41788	
2.69313	
2.65526	
2.69965	
2.97523	
2.4976	
2.53793	
2.72248	
2.82791	
2.57952	
2.48869	
2.35496	
2.22755	
1.85407	
2.05355	
2.16063	
2.18484	
2.32975	
2.36443	
2.3605	
2.24094	
2.26153	
2.23948	
2.2701	
2.4077	
2.78283	
2.87712	
2.79339	
2.67649	
2.31687	
2.37689	
2.27004	
2.304	
2.55541	
2.44468	
2.60197	
2.76682	
2.80179	
2.70188	
2.54536	
2.43212	
2.46935	
2.26363	
2.41433	
2.54334	
2.34414	
2.29923	
2.18927	
2.48261	
2.76493	
2.78968	
2.80007	
2.65848	
2.2527	
2.42171	
2.54014	
2.29752	
2.35777	
1.95906	
1.88365	
2.3067	
2.5322	
2.6862	
2.63762	
2.69732	
2.61865	
2.5383	
2.77157	
2.74554	
2.54796	
2.66621	
2.69284	
2.46679	
2.80989	
2.75911	
2.65431	
2.58174	
2.55509	
2.67378	
2.56906	
2.79494	
2.96065	
2.88395	
2.81486	
2.46243	
2.47187	
2.33426	
2.28961	
2.34972	
2.51068	
2.9156	
2.80186	
2.5695	
2.58882	
2.54787	
2.34661	
2.53359	
2.77035	
2.62419	
2.67875	
2.75889	
2.78147	
2.38815	
2.20331	
2.31496	
2.10686	
2.04852	
2.58623	
2.37547	
2.11639	
1.75202	
2.17519	
2.08549	
2.40249	
2.49331	
2.38032	
2.29619	
2.17837	
2.35836	
2.6746	
2.64851	
2.2902	
1.94483	
2.19585	
2.40874	
2.50776	
2.90296	
3.10635	
2.70889	
2.5239	
2.34266	
2.04308	
2.07907	
2.0629	
2.22643	
2.43675	
2.6468	
2.80183	
2.42567	
2.33746	
2.2547	
2.36318	
2.57524	
2.85211	
2.85532	
2.46623	
2.43114	
2.80934	
2.61635	
3.16702	
3.30606	
3.36095	
3.31374	
3.36016	
3.55395	
3.17561	
2.75271	
2.31892	
1.9366	
1.94897	
2.29371	
2.72119	
2.74498	
2.91401	
2.87681	
2.82957	
2.56011	
2.5284	
2.50983	
1.88688	
2.27576	
2.48546	
2.5573	
2.64878	
2.59318	
2.67367	
2.4091	
2.39642	
2.23699	
2.55864	
2.4786	
2.29598	
2.1667	
1.97479	
2.05583	
2.14288	
2.13228	
2.36523	
2.22091	
2.43629	
2.47933	
2.57012	
2.88777	
3.02291	
3.13913	
3.05989	
2.61643	
2.57182	
2.59898	
2.26929	
2.52226	
2.32782	
2.18521	
2.23027	
2.75509	
3.14509	
3.00202	
3.38252	
3.30242	
2.85261	
3.08715	
3.12381	
2.73992	
2.64158	
2.58433	
2.81167	
2.95308	
2.94791	
2.92556	
2.76982	
2.85626	
3.08682	
3.05641	
2.98382	
2.69487	
2.32331	
1.97731	
2.27333	
2.61125	
2.7428	
2.60801	
2.36549	
2.631	
2.64145	
2.7709	
2.50673	
2.37465	
2.31861	
2.25411	
2.65506	
2.73209	
2.75129	
2.43002	
2.04823	
1.96398	
1.88281	
1.91167	
2.1195	
1.94061	
1.93365	
2.35532	
2.52011	
2.5977	
2.49875	
2.56054	
2.43861	
2.11085	
2.56462	
2.40008	
2.11749	
2.13008	
1.96756	
2.16119	
2.2364	
2.56652	
2.76956	
2.42945	
2.09641	
2.2831	
1.93559	
1.79719	
1.81497	
1.71864	
1.61382	
1.52586	
1.66431	
1.87565	
1.67845	
1.77005	
2.14817	
2.35703	
2.18073	
2.10676	
2.11951	
2.22778	
1.96087	
2.41707	
2.64943	
2.61081	
2.76736	
2.76725	
2.90954	
2.72035	
2.86873	
3.04929	
2.99538	
2.95338	
3.03543	
2.82363	
2.61383	
2.56551	
2.7922	
3.16067	
3.2125	
3.29446	
2.92672	
2.81099	
2.52764	
2.45595	
2.51688	
2.1775	
2.36978	
2.55232	
2.62939	
2.81486	
2.94673	
2.95913	
2.49609	
2.6363	
2.47218	
2.3942	
1.98502	
1.72378	
2.03553	
1.97573	
2.09092	
2.34254	
2.27731	
2.13618	
2.10975	
2.59902	
2.51743	
2.34846	
2.35986	
2.18538	
2.13391	
2.11295	
2.45831	
2.68482	
2.40644	
2.59537	
2.71071	
2.39465	
2.24136	
2.53144	
2.41017	
2.40653	
2.74608	
3.18149	
3.12343	
2.87864	
3.11869	
3.06076	
2.87639	
3.09937	
3.19812	
3.3422	
3.10591	
2.89401	
3.54742	
3.34723	
3.44533	
3.66181	
3.5912	
3.58156	
3.73593	
3.5418	
3.74418	
3.41315	
3.34378	
3.38422	
3.29558	
3.39975	
3.65805	
3.54668	
3.27052	
3.4358	
3.5359	
3.71077	
3.3976	
3.53425	
3.46112	
3.19383	
3.2122	
3.05847	
3.08782	
2.80898	
2.78233	
2.98573	
3.0502	
3.30162	
3.37203	
3.46808	
3.2989	
3.68541	
3.33268	
3.0317	
3.17978	
3.06977	
3.08101	
2.90476	
3.10918	
3.04853	
3.05626	
2.81133	
2.9856	
2.90546	
2.59785	
2.51222	
2.42677	
2.59573	
2.42101	
2.60436	
2.37068	
2.2153	
2.13777	
2.28401	
2.325	
2.22498	
2.39473	
2.50136	
2.16706	
2.35108	
2.57706	
2.59621	
2.584	
2.75789	
3.00689	
2.95287	
2.98981	
2.69669	
2.6948	
2.57188	
2.54675	
2.62789	
3.0094	
2.8928	
3.21309	
2.98706	
2.85994	
2.5713	
2.20151	
2.60752	
2.40306	
2.42091	
2.73818	
2.6722	
2.48407	
2.71782	
2.55416	
2.45288	
2.67666	
2.83434	
2.80882	
2.90641	
2.86917	
3.04739	
2.62662	
2.62625	
2.89627	
3.1133	
3.2485	
3.12945	
2.89692	
2.50953	
1.98714	
2.23156	
2.46802	
1.94984	
2.41509	
2.5939	
2.6011	
2.41437	
2.2644	
2.18967	
1.88907	
1.80252	
2.2282	
2.36398	
2.48809	
2.79499	
2.82919	
2.53068	
2.56968	
2.35011	
2.34083	
2.08161	
1.95684	
2.0245	
1.99199	
2.00663	
1.92061	
2.38598	
2.44642	
2.95819	
3.06172	
3.1394	
3.02388	
2.70943	
2.61687	
2.45143	
2.53642	
2.74582	
2.62986	
2.79619	
3.01528	
2.9152	
2.91691	
2.82805	
2.8249	
2.60223	
2.81207	
2.58215	
2.94174	
2.91811	
2.73195	
3.07044	
3.11685	
3.0421	
3.10856	
2.85346	
2.94258	
2.61132	
2.69685	
2.68098	
2.55613	
2.62434	
2.4879	
2.66464	
2.60728	
3.04523	
3.135	
3.1667	
3.33834	
3.46082	
3.52668	
3.31204	
3.36749	
3.11768	
2.79563	
3.08196	
3.18506	
3.03242	
3.08438	
3.1842	
3.12718	
3.43118	
3.54466	
3.57686	
3.71307	
3.13565	
3.42107	
3.77102	
3.7041	
3.64891	
3.77874	
3.49932	
3.07017	
2.85428	
2.84569	
2.89835	
2.92928	
3.2098	
3.4877	
3.42142	
3.63234	
3.90729	
3.61014	
3.37613	
3.87013	
3.71727	
3.51761	
3.33389	
3.45853	
3.31181	
2.82843	
2.77544	
2.7889	
2.57142	
2.20124	
2.37592	
2.65935	
2.51695	
2.59017	
3.45321	
3.83777	
3.69356	
4.28042	
4.12589	
3.89018	
3.55601	
3.62561	
3.52589	
3.04208	
3.09576	
3.22384	
3.02707	
2.64692	
3.08313	
3.1054	
2.76344	
2.88574	
2.85689	
2.80961	
2.7433	
2.94287	
3.20281	
2.92789	
3.03528	
2.9974	
2.84761	
2.56172	
2.52745	
2.98752	
2.99086	
2.92812	
3.24282	
2.99615	
2.59996	
2.40894	
2.58496	
2.30214	
1.9313	
1.89904	
1.81831	
1.91958	
1.95533	
2.69232	
2.74547	
2.57385	
2.58074	
2.66056	
2.78046	
2.8875	
3.57001	
3.54007	
3.13875	
2.89493	
2.77756	
2.5169	
2.26	
2.36907	
2.69704	
2.96089	
2.88825	
3.31542	
3.44476	
3.2008	
3.2374	
3.26432	
3.25677	
3.43803	
3.43553	
3.62494	
3.30145	
3.08219	
3.14737	
2.58298	
2.11162	
2.02995	
1.90275	
1.8531	
1.89884	
2.02972	
2.43308	
2.28757	
2.268	
2.56381	
2.19618	
1.84043	
2.16613	
2.38032	
2.2432	
2.60933	
2.90323	
2.94589	
2.90454	
2.89377	
3.2172	
3.01836	
2.93738	
3.03041	
2.66363	
2.04207	
2.09264	
2.00523	
1.85767	
1.69951	
1.91524	
2.14954	
2.22807	
2.27937	
2.60397	
2.73957	
2.83136	
2.85178	
3.08185	
3.38622	
3.51699	
3.29274	
3.46789	
3.57615	
3.77228	
3.85808	
3.60643	
3.51518	
2.94282	
2.75971	
2.96946	
2.69782	
2.88984	
2.74806	
2.76817	
2.64455	
2.61504	
2.60233	
2.59561	
2.51002	
2.94184	
3.05648	
3.39304	
3.29217	
3.09407	
2.87174	
2.41258	
2.60169	
2.6087	
2.62331	
2.46049	
2.29708	
2.07877	
2.15867	
2.12015	
2.22291	
2.12072	
2.19532	
2.00076	
1.94262	
1.79728	
1.52516	
1.42743	
1.65059	
1.91335	
2.06703	
2.14342	
2.00391	
2.00075	
2.16236	
2.29	
2.47912	
2.71815	
2.64895	
2.40454	
2.01784	
2.41727	
2.3556	
2.17043	
2.33407	
2.46453	
2.10204	
2.15193	
2.33725	
1.91875	
1.83034	
1.73127	
1.81229	
1.67573	
1.68363	
1.71233	
1.55369	
1.35374	
1.44805	
1.67322	
1.75368	
1.9613	
1.88459	
1.38494	
1.56712	
1.41745	
1.4992	
1.68351	
1.59076	
1.4872	
1.20029	
1.24239	
1.19002	
1.29341	
1.44199	
1.72005	
1.94717	
1.95621	
1.6798	
1.8239	
1.43755	
1.46435	
1.71538	
1.58558	
1.69737	
1.83172	
2.23884	
2.20193	
2.08045	
2.2326	
2.10935	
2.02911	
1.87891	
1.95197	
2.41221	
2.13987	
2.18393	
2.40767	
2.27498	
2.3425	
2.44858	
2.68826	
2.60326	
2.39416	
2.2718	
2.09437	
1.96188	
1.68114	
1.65428	
1.82243	
1.82899	
2.27174	
2.46951	
2.58871	
2.19189	
1.85662	
1.89288	
1.76175	
1.91691	
2.11851	
2.29601	
2.12641	
2.05035	
2.12046	
1.8768	
1.78222	
1.76674	
1.49182	
1.7929	
1.70227	
1.68834	
1.82512	
1.65159	
1.87421	
1.84169	
1.87493	
1.88139	
1.52748	
1.77549	
1.69394	
1.49675	
2.00671	
2.07137	
2.15077	
1.6773	
1.7558	
1.46606	
1.18194	
1.69986	
1.79051	
2.00609	
2.05208	
1.84781	
1.63833	
1.23701	
1.13191	
1.3587	
1.34036	
1.50643	
1.75312	
1.7432	
1.4617	
1.58629	
1.82914	
1.60838	
1.73298	
1.94066	
1.76839	
1.75053	
1.44128	
1.38469	
1.46945	
1.39261	
1.83501	
2.02463	
2.09093	
2.04128	
2.04884	
2.21541	
1.91077	
1.86919	
2.06104	
1.6698	
1.46889	
0.911179	
1.45163	
1.48428	
0.874151	
1.06777	
1.36103	
1.53319	
1.7071	
2.24915	
2.72951	
2.38952	
2.35972	
2.17278	
2.1371	
1.95106	
1.95236	
1.97286	
1.80889	
1.64618	
1.52436	
1.38188	
1.20732	
1.18433	
1.51919	
1.44158	
1.4251	
1.64094	
1.45766	
1.1988	
1.41835	
1.53441	
1.78869	
2.18275	
1.93825	
1.91731	
1.89988	
1.59296	
1.93461	
2.01974	
2.17454	
2.14614	
1.85255	
1.97999	
2.08768	
2.27501	
2.59977	
2.70615	
2.58144	
2.24563	
2.20216	
2.02456	
2.19262	
2.08599	
2.17057	
1.9639	
2.02731	
2.09081	
1.72924	
1.91585	
1.83845	
1.94108	
2.01474	
2.2579	
2.12618	
1.7956	
1.49187	
1.75379	
1.64162	
1.75003	
2.31768	
2.10889	
1.84814	
1.65625	
1.64873	
1.32111	
1.16054	
1.39709	
1.75888	
1.63162	
1.72813	
1.80737	
1.9926	
1.55806	
1.59958	
1.32842	
1.35767	
1.09993	
1.06178	
1.46579	
1.43322	
1.40223	
1.37879	
1.63833	
1.34484	
1.56646	
1.80672	
1.56749	
1.86886	
1.73427	
1.42039	
1.49019	
1.33168	
1.42121	
1.45547	
1.43976	
1.57732	
1.7215	
1.97445	
1.96108	
2.02571	
2.19289	
2.06936	
1.906	
2.18075	
2.23924	
2.35369	
1.88819	
2.00018	
1.80252	
1.49475	
1.93285	
1.80679	
1.50933	
1.61037	
1.47992	
1.67817	
1.86085	
1.76734	
1.93119	
1.83706	
1.76923	
1.85452	
2.18941	
1.74605	
2.00722	
1.95736	
1.62639	
1.81435	
1.77145	
1.89789	
2.03464	
1.98461	
2.06492	
2.2484	
2.01938	
2.07037	
2.15921	
1.8491	
2.12048	
2.5831	
2.43502	
2.38521	
2.24521	
2.0915	
2.02271	
1.98105	
1.80793	
1.85095	
1.65353	
1.79251	
1.84336	
1.41176	
1.59739	
1.29181	
1.49879	
1.22166	
1.55888	
1.71058	
1.9248	
1.631	
1.78852	
1.65726	
1.51454	
1.62703	
1.76162	
1.88707	
1.38597	
1.77551	
1.5994	
1.51255	
1.69252	
1.73261	
1.98604	
2.08216	
1.89238	
2.44091	
1.8471	
1.95864	
2.19671	
2.03178	
1.88411	
1.74814	
1.74004	
1.76389	
1.50957	
1.82493	
2.03979	
1.5889	
1.8446	
1.73902	
1.87075	
1.43987	
1.7638	
1.94317	
1.49088	
1.3311	
1.30676	
0.914651	
0.964516	
1.20194	
0.934686	
1.46604	
1.44648	
1.55531	
1.80057	
1.59025	
1.56366	
2.06446	
1.82291	
1.9289	
1.90507	
1.79543	
1.34471	
1.4395	
1.69358	
1.36962	
0.924005	
0.974464	
0.99702	
1.03829	
1.25737	
1.76472	
1.94653	
1.9856	
1.82941	
1.93452	
1.69657	
1.50577	
1.64956	
1.33681	
1.45802	
1.42814	
1.81453	
1.97867	
2.18968	
2.47334	
2.61619	
2.39845	
2.00938	
2.30156	
2.07605	
2.10168	
1.90923	
1.93762	
1.60332	
1.63497	
1.93504	
1.82277	
1.88501	
2.12152	
2.07719	
2.30926	
2.16057	
2.29886	
2.53505	
2.52274	
2.81334	
2.89517	
2.98601	
2.87368	
2.65308	
2.58235	
2.35941	
2.22043	
2.38231	
2.29494	
2.27476	
2.28627	
2.40268	
2.41302	
2.54384	
2.59232	
2.2812	
1.79538	
1.62588	
1.49848	
1.54707	
1.69203	
1.93098	
1.81946	
1.7651	
1.70645	
1.76602	
1.71997	
1.36338	
1.13935	
1.53686	
1.68293	
1.58759	
1.8845	
1.82375	
1.85986	
2.12076	
1.99513	
2.35032	
2.10153	
1.88671	
1.94344	
1.86069	
1.72769	
1.61563	
1.26145	
1.30008	
1.36163	
1.28814	
1.38707	
1.41551	
1.09205	
1.06634	
0.796368	
1.16725	
1.19624	
1.16547	
1.27331	
0.924845	
0.836709	
1.14138	
1.21597	
1.34366	
1.48205	
1.34993	
1.55055	
1.6535	
1.6278	
1.72581	
1.69645	
1.76074	
1.68129	
1.80305	
1.93646	
1.55019	
1.56415	
1.31124	
1.16001	
1.23122	
1.01087	
1.16245	
0.983231	
1.02106	
1.00792	
1.38001	
1.69895	
1.46324	
1.43614	
1.36048	
1.42582	
1.07309	
1.01469	
1.20069	
0.78857	
0.859097	
1.44723	
1.4397	
1.54795	
1.68033	
1.91689	
1.63382	
1.78167	
1.49335	
1.88669	
1.60187	
1.25519	
1.34894	
1.33523	
0.990146	
1.16689	
1.21922	
1.15589	
0.801575	
1.02055	
0.858028	
0.673565	
0.638273	
0.691867	
1.01564	
0.799191	
0.741101	
0.823209	
0.639903	
0.765683	
0.926826	
1.14295	
1.13535	
1.11493	
1.40787	
1.29871	
1.2264	
1.28227	
1.1674	
1.34946	
1.35689	
1.50612	
1.63087	
1.53437	
1.38102	
2.06816	
2.03513	
2.19433	
2.4637	
2.53177	
2.66599	
2.66411	
2.77415	
2.62057	
2.42464	
2.3207	
2.32121	
2.65531	
2.4157	
2.74847	
3.00271	
2.84223	
2.67786	
2.80587	
2.81257	
2.51713	
2.68197	
2.69294	
2.89126	
2.61396	
3.02357	
3.1555	
2.82996	
2.57717	
2.27497	
1.95901	
1.70446	
1.6795	
1.56565	
1.48628	
1.61452	
1.93275	
2.12517	
1.91357	
2.07878	
2.05937	
1.66335	
1.67741	
1.37894	
1.59237	
1.39548	
1.5578	
1.81169	
1.65708	
1.37307	
1.36123	
1.54758	
1.76308	
1.96627	
2.02951	
2.29546	
2.05317	
2.21855	
2.17506	
1.94094	
1.58026	
1.42377	
1.6314	
1.69374	
1.62082	
1.81404	
1.84636	
1.26547	
0.970039	
0.780918	
0.770779	
0.873219	
0.937414	
1.4671	
1.44009	
1.40587	
1.7757	
1.55246	
1.46687	
1.18877	
1.22861	
1.24151	
1.11679	
1.17525	
1.3833	
1.13248	
1.34053	
1.75645	
1.84496	
1.98929	
1.70109	
1.5988	
1.65484	
1.52385	
1.43862	
1.69152	
1.79318	
1.9211	
1.74933	
2.40217	
2.11985	
1.93243	
1.95982	
2.23868	
2.28934	
2.57093	
3.00613	
2.99564	
2.79975	
2.58999	
2.89392	
2.64304	
2.4426	
2.57275	
2.50825	
2.52405	
2.72868	
3.1315	
2.9827	
3.04337	
3.04366	
2.86945	
3.05109	
3.01967	
2.89511	
2.88777	
2.84817	
2.81802	
2.91846	
2.99521	
2.91399	
3.16444	
3.17758	
3.22848	
3.31389	
3.28854	
3.08092	
3.07702	
2.78691	
3.20442	
3.07841	
2.7004	
2.59304	
2.55579	
2.43451	
2.52822	
2.89394	
2.89685	
2.81037	
2.89357	
2.60965	
2.50252	
2.23936	
2.42183	
2.27529	
2.19378	
2.36765	
2.36246	
1.95969	
1.86861	
1.82751	
1.8797	
1.85385	
1.77247	
1.63536	
1.44297	
1.6487	
1.63029	
1.87838	
1.86482	
1.94822	
1.65978	
1.66408	
1.73498	
1.91221	
1.87329	
1.97561	
2.17546	
1.95725	
2.57838	
2.7596	
2.94413	
2.97683	
2.85025	
2.58003	
2.47472	
2.78046	
2.51348	
2.35665	
2.31465	
2.15394	
2.41275	
2.46622	
2.76514	
2.66979	
2.65293	
2.8076	
2.57764	
1.91843	
1.96123	
1.84642	
1.65182	
1.98423	
1.79294	
2.39707	
2.3567	
2.66236	
2.97385	
2.88092	
3.30965	
3.26163	
2.8989	
2.63961	
2.28219	
2.13255	
1.883	
2.0703	
2.05243	
2.06531	
2.20099	
2.1147	
2.15543	
2.32627	
2.47319	
2.46213	
2.67695	
2.87362	
2.99869	
2.54974	
2.91036	
2.99347	
2.81848	
2.87773	
2.80844	
2.43345	
2.3034	
2.40905	
2.07584	
2.27898	
2.39349	
2.37153	
2.57178	
2.49916	
2.87357	
3.12927	
2.84807	
3.309	
3.36547	
3.4577	
3.20634	
3.09645	
2.87557	
2.77213	
2.23641	
2.16017	
2.26693	
2.09888	
2.22062	
2.11644	
2.1669	
2.06433	
1.65991	
1.97793	
2.16661	
1.92868	
2.35061	
2.05291	
2.36991	
2.16759	
2.3437	
2.42212	
2.41596	
2.45772	
2.08609	
2.04793	
1.79763	
1.9052	
2.13079	
2.24832	
2.46602	
2.65842	
2.6335	
2.29801	
2.32526	
2.36858	
2.36484	
2.55051	
2.82015	
3.17888	
2.69595	
2.84214	
2.76418	
2.69772	
2.95651	
2.73519	
2.43494	
2.32705	
2.47082	
2.70827	
2.84845	
3.08034	
2.9892	
2.85827	
2.47226	
2.01639	
2.02068	
2.09354	
2.18016	
2.28233	
2.58506	
2.64825	
2.43088	
2.33538	
2.30296	
2.13876	
2.0724	
2.13319	
2.39645	
2.84839	
2.88703	
3.07446	
3.13283	
3.04141	
2.97338	
2.79234	
2.52779	
2.36549	
2.62677	
3.01663	
3.04654	
3.32619	
2.62688	
2.59457	
2.41297	
2.52507	
2.91235	
2.90194	
3.26903	
3.18473	
3.38915	
3.45862	
3.08177	
3.08746	
3.17652	
2.97446	
2.98633	
3.06252	
3.18498	
3.06908	
3.07624	
3.25417	
3.32925	
2.95338	
2.89973	
2.85853	
2.57591	
2.37258	
2.35141	
2.66579	
3.0244	
3.24788	
3.37522	
3.13011	
3.00085	
2.84622	
2.74843	
2.73667	
2.84592	
2.95119	
2.83248	
2.87764	
2.4144	
2.78915	
2.63863	
2.39497	
2.96066	
2.72231	
2.43585	
2.34593	
2.09806	
2.31861	
2.3327	
2.36019	
2.44327	
2.28806	
2.30586	
2.3139	
2.72806	
2.4924	
2.69498	
2.60403	
2.29999	
2.24744	
2.12314	
1.92766	
1.88135	
1.73868	
1.89365	
1.9058	
2.01207	
2.1375	
2.15121	
2.00055	
2.11993	
2.35465	
2.39554	
2.61295	
2.43658	
2.56658	
2.40151	
2.38944	
2.64237	
2.42413	
2.53219	
2.5902	
2.33084	
2.845	
2.74436	
2.96515	
2.86994	
2.91746	
2.9468	
2.73545	
2.90589	
2.66187	
2.40187	
2.08757	
2.26348	
2.10855	
2.62583	
2.70815	
2.74985	
3.12377	
2.77825	
2.92504	
2.8944	
2.38761	
2.72374	
2.11255	
1.83142	
2.07885	
1.79052	
1.94333	
1.94403	
2.22443	
2.19238	
2.28724	
2.43369	
2.33317	
2.40153	
2.37985	
2.47796	
2.52773	
2.55753	
2.55279	
2.25441	
2.65122	
2.63734	
2.81471	
3.01456	
2.85279	
3.1373	
3.05811	
3.07172	
2.80186	
2.95769	
2.68931	
2.89623	
2.84594	
2.95551	
3.01961	
2.97365	
3.05552	
3.17979	
3.43406	
3.59197	
3.67719	
3.66333	
3.71673	
3.42076	
3.48327	
3.37836	
3.20026	
3.03183	
3.20586	
3.40294	
3.55817	
3.63473	
4.01423	
3.64177	
3.4167	
3.33207	
3.25392	
2.81546	
2.87697	
2.99444	
3.13073	
3.35463	
3.41434	
3.04731	
2.63014	
2.74767	
2.59805	
2.89019	
2.80319	
2.85786	
2.54077	
2.44539	
2.63665	
2.64304	
2.62219	
2.66829	
2.52108	
2.49138	
2.27681	
2.4523	
2.51429	
2.19748	
2.59968	
2.80817	
2.75224	
3.12396	
3.12203	
2.9395	
2.82052	
2.57513	
2.74452	
2.23636	
1.99712	
1.77341	
1.6918	
1.60468	
1.60231	
2.13802	
2.02569	
1.84848	
2.35464	
2.29185	
2.44637	
2.17204	
2.05701	
2.27222	
1.92978	
1.92411	
2.25353	
2.06132	
1.76869	
1.9787	
1.84091	
2.06294	
1.88298	
1.98426	
2.03549	
1.84773	
2.31803	
2.33342	
2.13707	
2.21578	
2.06506	
2.06415	
1.92208	
1.78796	
2.24524	
1.73096	
1.77977	
2.03366	
2.15642	
2.4284	
2.42801	
2.40754	
2.55092	
2.44813	
2.84879	
2.70647	
2.74832	
2.48453	
2.28104	
2.18776	
2.15435	
2.52401	
2.60885	
2.48879	
2.94397	
3.23657	
3.00109	
3.1685	
2.69868	
2.72768	
2.54273	
2.34161	
2.33019	
2.43975	
2.61256	
2.73072	
2.71553	
2.93964	
2.99164	
2.55126	
2.51986	
2.48336	
2.68271	
2.72334	
3.00853	
2.77278	
2.92809	
2.67946	
2.90238	
2.69112	
2.72604	
2.77629	
2.44443	
2.59106	
2.4452	
2.11721	
2.04169	
1.78531	
1.79401	
2.20214	
2.27122	
2.72337	
2.89841	
2.97502	
2.76578	
3.09872	
2.87821	
3.13913	
2.82379	
3.09779	
3.20346	
3.08767	
3.24425	
3.33755	
3.18249	
3.0435	
3.14342	
3.07859	
3.05285	
2.96335	
2.98485	
3.11858	
3.09803	
3.26402	
3.31321	
3.1188	
3.20132	
3.28658	
3.20459	
2.91897	
3.0476	
3.17182	
3.07312	
3.23241	
3.53398	
3.161	
2.73974	
2.88461	
2.68572	
2.49243	
2.24366	
2.24179	
1.73736	
1.98868	
2.31123	
2.64275	
2.70633	
2.74945	
2.70427	
2.99798	
2.67909	
2.57793	
2.39477	
2.33586	
2.12044	
1.94075	
2.37237	
2.046	
2.23172	
2.28442	
2.23056	
2.20706	
1.92059	
2.01164	
2.13981	
1.88987	
1.75076	
1.98499	
2.00418	
2.2798	
2.48577	
2.44414	
2.38175	
2.45999	
2.54918	
2.54419	
2.76476	
3.08039	
3.05124	
2.92304	
2.58976	
2.25596	
1.88211	
1.74145	
1.93666	
2.29587	
1.98085	
2.62356	
2.4271	
1.96251	
2.31383	
2.49061	
2.34703	
2.12829	
2.42835	
2.44109	
2.42763	
2.34858	
2.4037	
2.24638	
2.1463	
2.17159	
2.05138	
1.96957	
1.83633	
1.73658	
1.71621	
1.4334	
1.96329	
1.82035	
1.8488	
2.12957	
2.16161	
2.32119	
2.34316	
2.24866	
2.34851	
2.61419	
2.13298	
2.14879	
2.02472	
1.96566	
1.56353	
1.78667	
1.66354	
1.64228	
1.70199	
1.72708	
1.64451	
2.08981	
2.10203	
1.93636	
1.88772	
1.64812	
1.53004	
2.00628	
1.90612	
2.05311	
2.67506	
2.13913	
2.05381	
2.37945	
2.30321	
2.35121	
2.60451	
2.97724	
3.10163	
2.73081	
2.86318	
2.77548	
2.45559	
2.16225	
2.39384	
2.3189	
2.3873	
2.87548	
2.69022	
2.47147	
2.58445	
2.75851	
2.71761	
2.62374	
2.21678	
2.27002	
2.40767	
2.24554	
2.0301	
2.32632	
2.31634	
2.15315	
2.78924	
3.12358	
2.95294	
2.6504	
2.5391	
2.26553	
2.18801	
2.25634	
2.47816	
2.48864	
2.19273	
2.34979	
2.49624	
2.12965	
2.65387	
2.64176	
2.3973	
1.98638	
2.05414	
2.31419	
2.28906	
2.61773	
2.92	
2.7867	
2.68044	
2.48086	
2.52481	
2.46053	
2.38043	
2.57326	
2.51345	
2.38372	
2.49774	
2.60322	
2.38979	
2.43532	
2.30177	
2.34062	
2.22951	
2.19864	
2.59025	
2.68067	
2.66601	
2.58249	
2.60753	
2.60652	
2.37112	
2.55447	
2.77842	
2.68609	
2.89143	
3.32696	
3.24414	
2.88827	
2.58703	
2.22462	
1.74378	
1.20429	
1.21592	
1.32504	
1.04074	
1.10881	
1.27635	
0.947921	
1.25699	
0.981076	
1.22716	
1.10232	
0.885235	
0.915776	
0.886543	
0.830399	
0.638412	
0.772834	
0.708185	
0.757907	
0.569322	
1.00181	
0.770294	
0.477763	
1.24966	
1.41946	
1.28702	
1.33564	
1.39111	
0.923612	
0.620043	
0.65572	
0.778853	
0.581405	
0.982289	
1.38248	
1.38425	
1.38981	
1.7553	
1.92527	
1.63256	
1.58723	
2.1572	
1.95622	
1.88633	
2.21913	
2.08267	
2.51014	
2.26039	
2.13098	
2.57665	
2.38063	
2.36003	
2.75476	
2.86299	
2.81264	
2.94939	
2.87474	
2.74537	
2.48784	
2.40366	
2.56917	
2.39207	
2.39796	
2.72117	
2.55	
2.39861	
2.32962	
2.4729	
1.7411	
1.80028	
1.97569	
1.91308	
1.9615	
2.31717	
2.34654	
2.11561	
2.41702	
2.1363	
1.86022	
1.86734	
1.48112	
1.50637	
1.64469	
1.87731	
2.16259	
2.4737	
2.30831	
2.10845	
2.46707	
1.73624	
1.47455	
1.78288	
1.30552	
1.60141	
1.83042	
1.94462	
2.24137	
1.60686	
1.80614	
1.35584	
1.21959	
1.8642	
1.96771	
2.26357	
2.26815	
2.3313	
2.2873	
1.99293	
2.13681	
2.081	
1.77486	
1.49729	
1.67008	
1.71929	
1.75533	
1.64035	
1.65421	
1.71661	
1.57	
1.65122	
1.66543	
1.27511	
1.0748	
1.08067	
1.25202	
1.17745	
1.55075	
1.69523	
1.69561	
1.62681	
2.25073	
1.98009	
1.78954	
1.84038	
1.90971	
2.04713	
1.82756	
1.91529	
1.99398	
1.75291	
1.7527	
2.44775	
2.39397	
2.26036	
2.16606	
2.3191	
2.34194	
2.07844	
2.44357	
2.01086	
1.84636	
1.61235	
1.99453	
2.42872	
2.38782	
2.62444	
2.91586	
2.56299	
2.47098	
2.72551	
3.0073	
3.04709	
3.32235	
3.31503	
3.41987	
3.09595	
3.00849	
2.70605	
2.48403	
2.69775	
2.66894	
2.65901	
2.20647	
1.86942	
1.34269	
0.853922	
1.07785	
1.30215	
1.34964	
1.32395	
1.23304	
1.02988	
1.26076	
1.37406	
1.58517	
1.67456	
1.56979	
1.22886	
1.47975	
1.58935	
1.37817	
1.33814	
1.38187	
1.50353	
1.63667	
1.66415	
1.59419	
1.24745	
1.25797	
1.42462	
1.45222	
1.50525	
1.3792	
1.51555	
1.1488	
1.29438	
1.47402	
0.999751	
1.0265	
1.21177	
1.42756	
1.5843	
1.72129	
2.0927	
1.7373	
1.56805	
1.47349	
1.53584	
1.51045	
1.47393	
1.51322	
1.55958	
1.82473	
1.5029	
1.95544	
1.83809	
1.55596	
1.50105	
1.66526	
2.07675	
1.74563	
2.16856	
2.41062	
2.17678	
1.94803	
1.79511	
1.73493	
1.32605	
1.24504	
1.71777	
1.77338	
1.5924	
1.98211	
1.83093	
1.76723	
1.94002	
1.95955	
1.73016	
1.54793	
1.232	
1.12377	
1.13771	
1.06115	
1.46891	
1.41153	
1.4006	
1.4692	
1.33703	
1.5468	
1.68552	
1.73506	
1.84682	
1.79843	
1.61493	
1.35293	
1.86138	
1.99135	
1.52059	
2.33965	
2.20231	
2.0394	
2.16322	
2.01256	
1.84466	
1.63395	
1.60786	
2.08539	
1.85271	
1.68789	
1.72796	
1.46925	
1.53524	
1.53287	
1.86074	
1.93011	
2.17986	
2.2775	
2.19874	
1.98055	
1.63403	
1.24515	
1.50326	
1.76087	
1.94379	
2.36994	
2.92361	
2.74166	
2.81894	
2.46559	
2.24683	
2.32064	
1.75433	
1.59546	
1.4584	
1.10216	
1.08917	
1.15514	
1.29713	
1.68564	
1.95705	
2.35226	
2.19925	
2.09396	
1.83317	
1.45416	
1.12732	
1.27565	
1.1639	
1.42681	
1.5223	
1.50574	
1.66975	
1.45929	
1.39674	
1.29074	
1.38949	
1.31181	
1.45501	
1.65817	
1.72474	
1.77754	
1.86495	
1.56717	
1.69241	
1.53517	
1.86357	
2.03542	
1.98585	
1.94728	
1.85239	
1.93862	
2.00934	
1.91847	
1.64076	
1.61892	
1.53263	
1.68854	
1.77006	
1.667	
1.49161	
1.44388	
1.12251	
1.34356	
1.30727	
1.39466	
1.39989	
1.48217	
1.63706	
1.7763	
2.36116	
2.20635	
2.15387	
2.14174	
2.02565	
1.90718	
2.10482	
1.84109	
1.70179	
1.52754	
1.32276	
1.70196	
1.52977	
1.35962	
1.18675	
0.653353	
0.830134	
0.64672	
1.16955	
1.16897	
1.1799	
1.16962	
1.20307	
1.16355	
1.09881	
1.07497	
0.612617	
0.532743	
0.388564	
0.782982	
0.920673	
1.00914	
1.74128	
1.86187	
2.07323	
2.34887	
2.62761	
2.58914	
2.60264	
2.64136	
2.70871	
2.64422	
2.46718	
2.30334	
2.25237	
1.72546	
1.94981	
1.64644	
1.54072	
1.67026	
1.44002	
1.64432	
1.34613	
1.17967	
1.70471	
1.50843	
1.73716	
2.01642	
2.01425	
1.87599	
1.92768	
1.88711	
1.79084	
1.68058	
1.48179	
1.75213	
1.73019	
1.94155	
1.82173	
1.88677	
1.78437	
1.55207	
1.8168	
1.85654	
2.07357	
2.02599	
1.67854	
1.63121	
1.67358	
1.5707	
1.87162	
1.85739	
1.64808	
1.70162	
1.62886	
1.59052	
1.63652	
1.63879	
1.67984	
1.74959	
2.07642	
2.29798	
2.43475	
2.11343	
1.70551	
1.7987	
1.57979	
1.60428	
1.66146	
1.79913	
1.60001	
1.74826	
1.75633	
1.73921	
1.55644	
1.51781	
1.41776	
1.209	
1.05294	
1.09645	
1.26282	
1.33965	
1.74269	
1.82988	
1.9997	
2.4081	
2.83692	
2.99292	
2.89196	
2.76042	
2.44629	
2.08304	
2.27813	
2.21815	
2.22892	
2.19322	
1.79088	
1.77135	
1.38169	
1.09505	
1.33101	
1.41194	
1.69569	
1.90856	
1.94309	
1.98916	
1.63847	
1.61244	
1.37162	
1.35592	
1.43922	
1.34158	
1.68922	
1.92757	
2.1227	
2.52375	
2.68682	
2.60546	
2.49315	
2.70449	
2.42966	
2.55126	
2.36346	
2.19008	
1.84267	
1.42351	
1.5453	
1.5416	
1.749	
1.87817	
2.29922	
2.15278	
1.80195	
1.56343	
1.22567	
1.01538	
1.08871	
1.06686	
1.44473	
1.39842	
1.7285	
1.81138	
1.89824	
1.9358	
1.93221	
1.85192	
1.1667	
0.94696	
1.1492	
0.838293	
0.807003	
1.11604	
0.911881	
1.00785	
1.03948	
1.32063	
1.36876	
1.04235	
0.972328	
1.16828	
1.23814	
1.43987	
1.42081	
1.19283	
0.763627	
0.8294	
0.891229	
1.0342	
1.23504	
1.31953	
1.50803	
1.3326	
1.52393	
1.7191	
1.44843	
1.49339	
1.05734	
0.942776	
0.980133	
0.820566	
1.03944	
0.893899	
1.00496	
1.31968	
1.36726	
1.73729	
1.36545	
1.10088	
0.889846	
0.645278	
0.669708	
0.713138	
0.831797	
0.762747	
0.975545	
1.75137	
1.60543	
1.71373	
1.71757	
1.55877	
1.43463	
1.507	
1.66044	
1.3568	
1.35483	
1.2814	
1.48176	
1.70616	
1.55157	
1.85724	
1.78778	
1.59398	
1.8934	
2.20475	
1.98359	
1.8953	
1.98465	
1.57773	
1.67095	
1.4626	
1.84251	
1.88114	
1.50094	
1.69274	
1.67948	
1.5167	
1.73482	
1.97187	
2.11998	
1.79463	
1.92854	
2.15609	
2.05681	
1.8578	
2.2384	
2.28456	
1.77483	
2.13454	
2.09455	
1.76553	
1.70228	
1.66837	
1.72752	
1.65457	
1.53948	
1.88617	
1.56626	
1.32227	
1.62461	
1.722	
1.73823	
1.81375	
1.69216	
1.60235	
1.70329	
1.82395	
2.09134	
2.2342	
2.48944	
2.11952	
2.30387	
1.85114	
1.30635	
1.18876	
1.13757	
1.15685	
1.42786	
1.59385	
1.54804	
1.73387	
1.75742	
1.90543	
1.6238	
1.48513	
1.42438	
0.954317	
0.98652	
1.04031	
0.896917	
0.992065	
0.74476	
0.90482	
0.91476	
0.695149	
0.94729	
0.904786	
0.943124	
0.94393	
0.715613	
0.890328	
1.08542	
1.09941	
1.08961	
0.611124	
0.678777	
0.816574	
0.904015	
0.75811	
1.13088	
0.889222	
0.942533	
1.29432	
0.872964	
1.24391	
1.2158	
1.52924	
1.65107	
1.76998	
2.23016	
1.84068	
1.92253	
1.88165	
1.4145	
1.35076	
1.57526	
2.00529	
2.32493	
2.64396	
2.90876	
2.71282	
2.38256	
2.03594	
1.99992	
1.5447	
1.63491	
1.59419	
2.1647	
2.04029	
2.13833	
2.42324	
2.18478	
1.99401	
1.89855	
1.88648	
1.51262	
1.49006	
1.48156	
1.59853	
1.70195	
1.39906	
1.47604	
1.54573	
1.5677	
1.78476	
1.93898	
2.34193	
1.88498	
1.92665	
2.46129	
2.24133	
2.06559	
2.1606	
2.38362	
2.16057	
2.19714	
2.06153	
1.87222	
1.20946	
1.33647	
1.4732	
1.35031	
1.48266	
1.79074	
1.33639	
1.23587	
1.17977	
1.08734	
1.27114	
1.07155	
0.956192	
1.07876	
0.831971	
0.608023	
0.793923	
0.738901	
0.582446	
0.559861	
0.582417	
0.611583	
0.784565	
1.09355	
1.09487	
1.17121	
1.26726	
1.38435	
1.58292	
1.46681	
1.5055	
1.27123	
1.34748	
1.03111	
0.807755	
0.930919	
0.966545	
0.748313	
0.944692	
1.1193	
1.11817	
1.06516	
1.13996	
1.09999	
1.19747	
1.10861	
1.40937	
1.59462	
1.51	
1.66245	
1.75862	
1.47741	
1.24137	
1.58935	
1.55721	
1.1549	
1.51486	
1.78858	
1.73013	
1.62129	
2.12641	
1.9389	
1.62806	
1.61152	
1.60183	
1.39898	
1.09757	
1.21772	
1.45606	
1.71713	
1.67683	
2.01722	
1.94658	
1.82984	
1.94658	
2.07813	
1.9804	
1.85448	
2.03446	
2.05927	
1.8378	
1.757	
1.90296	
1.98915	
1.7886	
2.17775	
2.53715	
2.63761	
2.31758	
2.84976	
2.89607	
2.42298	
2.60228	
2.41093	
2.59137	
2.27872	
2.45371	
2.60186	
2.35971	
2.19166	
2.406	
2.53512	
1.88538	
1.68392	
1.97286	
1.84281	
1.78503	
1.97327	
2.23377	
2.10162	
2.18081	
2.33225	
2.3765	
2.4856	
2.53101	
2.80038	
2.8149	
2.87751	
2.65982	
2.46325	
2.06112	
1.9309	
2.14432	
2.11935	
2.02627	
2.02233	
2.24612	
1.74955	
2.07632	
2.04746	
2.32669	
2.72711	
2.35387	
2.75397	
2.6527	
2.09334	
2.13361	
1.8631	
2.08255	
2.00468	
2.64967	
3.11202	
2.52231	
2.82801	
3.01418	
2.75958	
2.60869	
2.83454	
2.94422	
2.65172	
2.50789	
2.8194	
2.64666	
2.31601	
2.56528	
2.99081	
2.91742	
3.18211	
3.41352	
3.1325	
2.77236	
2.44183	
2.4112	
2.3652	
2.47905	
2.63535	
3.17728	
2.97853	
3.11492	
3.19927	
2.96299	
2.46149	
2.6624	
2.50927	
2.19408	
2.37009	
2.54327	
2.46815	
2.15393	
2.01131	
2.24207	
2.17381	
1.96158	
2.04832	
2.46765	
2.28006	
2.15959	
2.699	
2.66242	
2.50786	
2.34445	
2.55128	
2.51113	
2.44023	
2.62108	
2.651	
2.37718	
2.27045	
2.34114	
2.15021	
1.69285	
1.87856	
2.00738	
1.80877	
1.83796	
1.93347	
2.06108	
1.44679	
1.61149	
1.78024	
1.81603	
2.00057	
2.43528	
2.56993	
2.13781	
1.76196	
1.82782	
1.63222	
1.24889	
1.57468	
1.57011	
1.21512	
1.59933	
1.68651	
1.84679	
1.81334	
1.78966	
1.96224	
1.53626	
1.53502	
1.78146	
1.62469	
1.54785	
1.9359	
2.27256	
2.04376	
1.772	
1.555	
1.18247	
1.12021	
1.19122	
1.78558	
1.80305	
1.87937	
2.06572	
1.70424	
1.8261	
1.67368	
1.83392	
1.86689	
1.79775	
1.6736	
1.92612	
1.89258	
2.09645	
2.48261	
2.66837	
2.46441	
2.378	
1.99231	
1.37268	
0.915162	
0.881417	
1.15848	
1.65378	
1.85212	
2.33665	
2.57395	
2.63444	
2.86377	
2.88068	
2.65717	
2.52969	
2.51033	
1.81822	
1.8975	
1.73937	
1.89357	
1.96064	
2.15923	
2.16131	
2.15981	
1.89725	
1.95974	
2.10121	
2.06141	
2.44065	
2.41039	
2.30216	
2.30772	
2.30143	
2.08166	
2.2058	
2.23613	
2.35674	
2.16991	
2.20746	
2.65909	
2.78753	
2.50239	
2.36347	
2.55441	
2.28906	
1.90228	
2.26187	
2.08868	
1.63498	
1.79047	
1.83789	
1.92426	
1.90748	
2.07546	
2.05182	
1.95434	
1.96082	
2.15339	
2.23504	
1.78326	
1.76299	
2.23441	
1.68688	
1.93727	
2.21926	
2.20261	
2.24508	
2.03608	
2.62379	
2.73411	
2.51247	
2.43705	
2.44976	
2.04246	
1.89842	
2.19575	
2.547	
2.57998	
2.22541	
2.45223	
2.45714	
2.0351	
2.45789	
2.62764	
2.5787	
2.31651	
2.72633	
3.11327	
2.74895	
2.68088	
2.58437	
2.47099	
2.02931	
2.15677	
2.4502	
2.2866	
2.12566	
2.19138	
2.46184	
2.47109	
2.4033	
2.30589	
2.22127	
2.22257	
2.53001	
2.69916	
2.97861	
2.81318	
2.79663	
2.96579	
2.97303	
3.06523	
3.17724	
2.88273	
2.52148	
2.47428	
2.70268	
2.7097	
2.9347	
3.16538	
3.06716	
2.8424	
2.66734	
2.87095	
2.65922	
2.48987	
2.65431	
2.84559	
2.51343	
2.81079	
2.94003	
2.66958	
2.82981	
3.03929	
3.13675	
2.91626	
2.60829	
2.40821	
2.06913	
2.04872	
2.52161	
2.7205	
2.85339	
2.49452	
2.53097	
2.77372	
2.87763	
3.09148	
3.38863	
2.88642	
2.73938	
2.56855	
2.37894	
2.19099	
1.88315	
1.69852	
2.09959	
2.08218	
2.54719	
2.7415	
2.45712	
2.69326	
2.62446	
2.58106	
2.50749	
2.23325	
2.38043	
2.21007	
1.78262	
1.94502	
1.80048	
1.61972	
1.60644	
1.78809	
2.30565	
2.332	
2.43849	
2.83237	
2.35024	
2.02125	
2.03282	
1.79486	
1.43108	
1.33473	
1.58325	
1.38671	
1.71289	
1.83667	
1.95332	
1.87588	
1.77436	
1.98889	
1.86681	
1.78795	
1.90489	
2.15077	
2.0451	
2.51216	
3.0547	
3.11347	
3.2172	
2.94757	
2.68796	
2.16944	
1.92358	
2.06967	
2.33343	
2.26059	
2.29543	
2.53944	
2.37736	
2.49464	
2.5865	
2.36734	
2.1556	
2.12721	
2.25175	
2.41002	
2.31403	
2.16194	
1.97162	
2.19264	
2.03297	
2.16293	
2.17803	
2.072	
2.08392	
1.94222	
1.96725	
2.111	
2.03929	
1.74634	
1.69465	
1.73364	
1.7221	
1.42087	
1.12096	
1.43857	
1.81717	
1.511	
1.79431	
2.02166	
1.3412	
1.18935	
1.47608	
1.64236	
1.72702	
1.75976	
1.72927	
1.65245	
1.82861	
2.11025	
2.41937	
2.204	
1.66708	
2.00157	
2.02495	
2.11914	
2.29347	
2.55788	
2.36144	
2.09787	
2.46877	
2.80783	
2.66737	
2.47989	
2.50868	
2.34466	
2.16961	
2.15229	
2.01749	
1.80459	
1.58973	
2.01309	
2.36345	
2.2915	
2.35153	
2.29793	
2.27397	
2.48579	
2.50485	
2.85344	
3.03487	
2.81561	
2.86554	
2.94985	
2.34957	
2.02706	
2.25596	
2.2419	
2.11264	
2.09479	
2.20366	
2.37115	
2.13466	
1.96874	
2.12103	
2.04645	
2.01278	
1.88488	
1.44712	
1.29273	
0.988083	
1.42761	
1.6658	
1.47903	
1.89488	
1.78372	
1.61228	
1.63475	
1.52146	
1.59184	
1.66433	
1.50652	
1.84699	
1.73359	
1.90367	
1.82272	
1.46772	
1.3426	
1.53945	
1.51386	
1.8108	
1.90005	
2.06406	
2.07315	
2.03595	
1.85304	
2.12902	
2.04171	
2.07456	
2.17606	
1.99284	
2.06331	
1.96012	
1.87797	
1.68545	
1.45845	
1.64284	
1.77524	
1.8116	
1.9857	
2.06819	
1.95939	
1.7024	
1.81281	
2.12168	
2.09635	
2.11903	
2.05804	
1.82136	
1.64917	
1.76258	
2.00516	
2.08047	
2.05323	
2.3038	
2.459	
2.19264	
2.49035	
2.3252	
1.60935	
1.46747	
1.19026	
1.48846	
1.37887	
1.31483	
1.46056	
1.31303	
1.1253	
1.18863	
0.998631	
0.99423	
0.930622	
0.887679	
1.33207	
1.51981	
1.45451	
1.35252	
0.948532	
1.05406	
1.2252	
1.33099	
1.3791	
1.5373	
1.5434	
1.73868	
2.02642	
1.93297	
2.08943	
1.95921	
1.64813	
1.46297	
1.61995	
1.78635	
1.45164	
1.65733	
1.69438	
1.47988	
1.70296	
1.99494	
1.93922	
2.33813	
2.70252	
3.11634	
3.21642	
3.40064	
3.33453	
3.34882	
3.56347	
3.55407	
3.29988	
3.32622	
3.11492	
2.87634	
3.09876	
3.10485	
3.04246	
2.83312	
2.82495	
2.57965	
2.55496	
2.41905	
2.30909	
2.19035	
2.0982	
1.99042	
2.2439	
2.07908	
2.26473	
2.29636	
2.26169	
2.29709	
2.41986	
2.97089	
2.95561	
2.61574	
2.68725	
2.38039	
1.99296	
1.93307	
1.59311	
1.65625	
1.65586	
1.98658	
2.3067	
2.38907	
2.1274	
1.83354	
1.39618	
1.16356	
1.09829	
0.951119	
1.50198	
1.74244	
1.89904	
2.39377	
2.45502	
2.03114	
1.70992	
1.56574	
1.47995	
1.11572	
1.31611	
1.282	
1.07137	
1.23987	
1.57241	
1.45897	
1.5386	
1.37769	
1.20681	
1.26182	
1.0186	
1.48512	
1.39354	
1.23977	
1.32879	
1.16191	
1.30232	
1.15297	
1.30657	
1.16389	
0.957662	
1.24927	
1.36642	
1.30777	
1.36525	
1.32602	
1.09868	
1.11544	
1.25446	
1.45843	
1.89356	
1.86337	
2.00029	
2.27491	
2.09256	
2.08761	
1.91915	
1.99772	
2.21586	
2.06546	
2.16495	
2.33307	
2.15435	
2.32539	
2.99542	
2.89706	
2.7976	
2.73193	
2.52579	
2.28533	
2.1753	
2.65427	
2.31977	
2.24066	
2.42238	
2.33674	
2.32071	
2.16373	
2.30144	
2.31551	
2.07745	
2.0928	
2.25002	
2.14971	
2.29567	
2.78446	
2.98752	
2.95871	
2.84256	
2.82185	
2.72689	
2.59835	
2.75508	
2.59733	
2.96736	
2.9322	
3.08985	
3.02559	
2.74749	
2.5803	
2.54183	
2.43976	
2.5888	
2.62916	
2.61078	
2.56007	
2.56785	
2.55801	
2.41159	
2.40983	
2.81204	
3.16449	
3.26087	
3.37736	
3.45507	
3.41159	
3.2086	
3.33908	
3.45669	
3.14427	
2.98031	
3.29182	
3.05598	
3.11426	
3.22312	
3.19376	
3.42929	
3.40322	
3.32137	
3.16439	
3.02787	
2.91841	
3.00549	
3.00047	
3.32173	
3.44509	
3.20975	
3.16927	
3.08607	
2.59652	
2.5866	
2.47184	
2.1604	
2.18659	
2.24397	
2.10612	
2.09605	
2.12969	
1.96173	
1.5747	
1.63394	
1.93809	
1.8783	
1.93095	
1.8562	
2.07764	
1.58559	
1.73203	
1.91395	
1.79261	
1.83107	
2.36062	
2.7229	
2.92158	
3.42832	
3.51834	
3.61026	
3.461	
3.43214	
3.19839	
2.69074	
2.15639	
1.98688	
1.86178	
1.77101	
1.68568	
1.69296	
1.43725	
1.23108	
1.25894	
1.81444	
1.92845	
1.69549	
1.90753	
1.80457	
1.59146	
1.61426	
1.78885	
1.55077	
1.30077	
1.35971	
1.68871	
1.27696	
1.30421	
1.77515	
1.91251	
1.65299	
1.78271	
1.91649	
1.37579	
1.61228	
1.89847	
1.78989	
1.79081	
1.94692	
2.27809	
2.38768	
2.15445	
2.28125	
2.04405	
2.13456	
1.96461	
2.09073	
2.21756	
2.24318	
2.51185	
2.7595	
2.70011	
2.36799	
2.59758	
2.24241	
2.25951	
2.33555	
2.59052	
2.82733	
2.45292	
2.22692	
2.29321	
2.04752	
2.02901	
2.53025	
2.60814	
2.56296	
2.58543	
3.00923	
3.14242	
2.84718	
3.39608	
3.12927	
2.887	
2.96158	
2.90382	
2.58131	
2.48061	
3.02596	
3.27589	
2.97465	
3.0985	
3.28496	
2.86089	
2.77853	
2.85207	
2.807	
2.52352	
2.09947	
2.28626	
2.3998	
2.55098	
2.93786	
2.89696	
2.74907	
2.50298	
2.60206	
2.82714	
2.66312	
2.4413	
2.25521	
2.31403	
2.17617	
2.25607	
2.8028	
2.6189	
2.55142	
2.79474	
2.73179	
2.72678	
2.30651	
2.49046	
2.69906	
2.3116	
2.34906	
2.43733	
1.88652	
1.36661	
1.01338	
0.890413	
0.594976	
1.24903	
1.32628	
1.41928	
1.60843	
1.6974	
1.94808	
1.85427	
1.94537	
1.76562	
1.62523	
2.19676	
1.88629	
1.97858	
2.15088	
1.92704	
1.85577	
1.64397	
2.06506	
2.09113	
1.88109	
2.11883	
1.94959	
1.73659	
1.71579	
1.9084	
1.7011	
1.79263	
1.92828	
2.17897	
1.88954	
1.94582	
2.12494	
1.81573	
2.17906	
1.99709	
2.10697	
2.31372	
2.04696	
2.16175	
2.12961	
2.29294	
2.41117	
2.41033	
2.38541	
2.52972	
2.60263	
2.29738	
2.42422	
2.14718	
2.01461	
2.49325	
2.43854	
2.44104	
2.45994	
2.45203	
2.13872	
2.18857	
2.43864	
2.03535	
2.17606	
2.45865	
2.15621	
2.08667	
1.95066	
2.11354	
2.06433	
2.2097	
2.66161	
2.61293	
2.34398	
2.42575	
2.10869	
1.98153	
1.72333	
1.82214	
1.72468	
1.25731	
1.31357	
1.2993	
1.4425	
1.45505	
1.81656	
1.87452	
1.61421	
1.88767	
2.0365	
2.03761	
2.08247	
1.70625	
1.854	
1.67667	
1.73059	
1.67593	
1.70303	
1.96615	
1.51963	
1.90964	
1.96141	
1.96923	
1.86869	
1.84978	
1.90925	
1.79389	
1.86731	
2.06137	
1.82842	
1.98502	
1.99278	
2.11307	
2.35914	
2.54175	
2.51061	
1.91685	
1.84643	
1.83061	
1.904	
2.04228	
1.92785	
1.81691	
1.78511	
1.66564	
1.90025	
1.88645	
2.13174	
2.27064	
2.52088	
2.28371	
2.56857	
2.3641	
2.19132	
2.18974	
2.08339	
2.3832	
2.23391	
2.40021	
2.57008	
2.46618	
2.34435	
2.31883	
2.01552	
1.78635	
1.42965	
1.73885	
1.69058	
1.99758	
2.28432	
2.15979	
1.74647	
1.69527	
1.76317	
1.3289	
1.44612	
1.15684	
0.921153	
0.820204	
0.846237	
0.963074	
1.26129	
1.06682	
1.70198	
2.03736	
2.45729	
2.12323	
2.34982	
2.35068	
1.70057	
1.55879	
1.07418	
1.19492	
0.968127	
0.586642	
0.821433	
0.608427	
0.634278	
1.02357	
1.04501	
1.28869	
1.25414	
1.45276	
1.11131	
1.07005	
0.823813	
1.13275	
0.872013	
0.822821	
0.855812	
0.673192	
0.810943	
0.979781	
1.16575	
1.33888	
1.17273	
1.2026	
1.46895	
1.23761	
1.33284	
1.00717	
1.1009	
0.804813	
0.993045	
1.27412	
1.25292	
1.08266	
1.21339	
0.816388	
0.805406	
0.761723	
0.483841	
0.561194	
0.573127	
0.634755	
0.9175	
1.39483	
1.30546	
1.56806	
1.62036	
1.32951	
1.2155	
1.485	
1.32103	
1.30353	
1.28856	
1.41427	
1.53049	
1.33533	
1.33969	
1.12623	
0.923754	
1.03717	
1.24581	
1.23284	
1.36818	
1.29874	
1.40749	
1.47364	
1.95848	
1.89451	
1.72204	
1.83637	
1.67809	
1.78948	
2.27951	
2.38544	
2.46895	
2.77129	
2.62153	
2.36717	
2.3512	
2.08884	
2.07	
1.88525	
2.13714	
2.41186	
2.41136	
2.54635	
2.13251	
1.92025	
2.02467	
2.06104	
1.97194	
2.06056	
1.9049	
1.86152	
1.67045	
1.30906	
1.15854	
0.924298	
0.793886	
0.915695	
1.11347	
1.29055	
1.336	
1.27338	
1.10843	
0.863847	
1.06852	
1.05114	
0.9359	
0.784576	
0.934045	
0.991291	
0.957415	
1.45624	
2.12409	
1.68192	
1.69694	
1.70057	
1.53541	
1.44823	
1.37744	
1.65911	
1.63832	
1.57347	
1.65314	
1.7372	
1.55345	
1.38276	
1.30403	
1.1676	
1.09573	
1.35898	
1.5637	
1.26906	
1.13131	
1.2015	
1.29906	
1.44142	
1.36332	
1.59226	
1.62545	
1.5004	
1.6743	
2.01751	
1.56374	
1.44151	
1.42697	
1.19294	
1.26699	
1.72057	
2.17225	
2.12985	
2.18234	
1.80431	
1.94373	
1.95365	
1.5932	
1.92468	
1.94063	
2.01225	
2.00758	
1.90954	
2.04969	
1.76061	
1.51732	
1.57521	
1.52271	
1.45367	
1.71674	
1.75395	
1.51415	
1.59189	
2.01576	
2.22358	
2.00727	
2.39475	
2.4974	
1.98374	
2.10809	
1.88998	
1.79049	
2.03895	
1.74147	
1.97892	
2.45226	
2.12528	
2.37098	
2.44337	
2.16999	
2.07691	
1.95401	
1.82728	
1.90138	
1.7514	
1.71312	
1.86765	
2.08346	
2.19842	
2.23863	
2.2856	
2.2403	
2.13506	
2.31379	
1.55098	
1.31794	
1.32039	
1.03357	
1.04426	
1.08888	
1.50268	
1.30385	
1.44047	
1.70433	
1.95729	
1.67154	
1.72731	
1.73697	
1.64825	
1.66004	
1.95962	
2.02463	
1.79405	
1.74172	
1.90625	
1.77041	
1.49484	
1.36038	
1.38761	
1.66955	
1.54531	
1.70376	
1.93463	
1.50292	
1.30647	
1.19966	
1.2859	
1.0971	
1.22984	
1.22024	
1.01531	
0.89405	
0.966477	
1.19133	
1.30978	
1.07114	
1.13123	
1.06265	
0.800991	
0.91413	
1.37262	
1.32043	
1.27752	
1.35028	
1.21892	
1.18652	
0.839855	
1.03856	
1.07969	
0.941417	
1.28737	
1.44883	
1.73406	
1.70959	
1.92174	
2.06764	
1.99121	
2.39448	
2.59063	
2.50839	
2.55011	
2.82099	
2.78161	
2.6261	
2.60415	
2.68163	
2.54853	
2.69315	
2.79927	
2.78795	
3.174	
3.0384	
3.31238	
3.32484	
2.98652	
2.94446	
2.52083	
2.29145	
2.38735	
2.6635	
3.12814	
3.39161	
3.69651	
3.4733	
3.23896	
2.91305	
2.63488	
2.48584	
2.66046	
2.77189	
2.94544	
3.32749	
3.36297	
3.40902	
3.51438	
3.25355	
2.99957	
2.62624	
2.50516	
2.21263	
1.97403	
2.59602	
2.80707	
3.06629	
3.65054	
3.6209	
3.71534	
3.60177	
3.14496	
2.85814	
2.67156	
2.51994	
2.56871	
2.29666	
2.53735	
2.52417	
2.375	
2.61183	
2.33414	
2.55358	
2.74054	
2.68303	
2.89344	
2.97596	
3.41497	
3.63255	
3.6031	
3.52706	
3.25375	
2.69356	
2.66836	
2.36735	
2.18837	
2.23909	
2.42647	
2.49861	
2.45852	
2.41412	
2.38319	
2.20105	
1.75213	
1.73599	
1.70282	
1.74784	
1.90452	
2.20259	
2.13879	
2.25139	
2.52921	
2.85383	
2.93893	
2.71612	
2.88261	
2.90982	
2.76617	
2.70779	
2.62887	
2.64045	
2.38095	
2.19824	
2.53966	
2.45926	
2.79191	
2.7473	
2.80407	
2.84895	
2.19505	
1.87916	
1.70628	
1.19947	
1.15955	
1.35761	
1.53394	
2.05692	
2.35076	
2.42167	
2.49123	
2.33176	
2.44715	
2.15274	
2.31351	
2.10553	
1.45165	
1.56175	
1.21557	
0.929561	
0.785942	
0.683406	
0.372995	
0.6411	
0.720134	
0.850814	
1.02699	
0.778962	
0.945506	
1.08497	
1.01262	
1.4404	
1.60179	
1.36896	
1.40972	
1.38752	
1.58664	
1.29345	
1.45636	
1.76131	
1.42064	
1.50094	
1.70014	
1.63236	
1.21967	
1.07779	
1.18081	
1.07226	
1.11817	
1.33468	
1.65846	
1.28891	
1.38065	
1.5875	
1.38512	
1.51998	
1.25713	
1.34604	
1.26675	
1.20254	
1.58437	
1.72682	
1.42923	
1.2105	
1.48901	
1.3006	
1.42244	
1.61622	
1.62507	
1.40858	
1.34606	
1.71946	
1.70849	
1.55976	
1.78094	
2.04541	
1.87278	
1.72264	
1.6987	
1.3126	
1.25734	
0.99685	
1.40515	
1.12484	
0.939256	
1.2125	
1.14986	
1.02929	
0.925781	
1.19356	
1.33794	
1.37699	
1.19158	
1.36578	
1.3202	
1.02568	
1.0429	
0.879544	
0.572586	
0.599183	
0.724716	
0.901051	
0.949438	
0.990408	
1.10034	
1.16408	
0.996654	
0.850133	
1.19083	
1.23944	
0.955305	
1.12112	
1.23539	
0.708417	
0.832361	
1.00953	
1.01274	
1.26267	
1.00269	
1.3451	
1.17362	
0.918697	
1.37626	
1.38623	
1.51276	
1.50706	
1.87949	
2.10995	
1.93078	
2.16123	
1.79058	
1.38566	
1.024	
0.69797	
0.644523	
0.635936	
0.684181	
1.09889	
1.26242	
1.14986	
1.65783	
1.71136	
1.38191	
1.28387	
1.67838	
1.93105	
1.44211	
1.5753	
2.05669	
1.19958	
1.20541	
1.52559	
1.42399	
1.22773	
1.47444	
1.5846	
1.48507	
1.1251	
1.20318	
1.29632	
1.28497	
1.32208	
1.17091	
1.1955	
0.937656	
1.46707	
1.63651	
1.74723	
1.89972	
1.71632	
1.93818	
1.64762	
1.22114	
1.28251	
1.06508	
1.12326	
1.22621	
1.42359	
1.63353	
1.86785	
1.83911	
1.95381	
2.10585	
1.97333	
1.57066	
1.43039	
1.53193	
1.33506	
1.83204	
1.86037	
1.66452	
1.73019	
1.59452	
1.60757	
1.61542	
1.49159	
1.16098	
0.869725	
1.17481	
1.11454	
1.21163	
1.31802	
1.25816	
0.788756	
0.623676	
0.500617	
0.60156	
0.517201	
0.464742	
0.481422	
0.451639	
0.634025	
0.348367	
0.484991	
0.401917	
0.378649	
0.524933	
0.759353	
0.857009	
0.785379	
0.824478	
0.723379	
0.63349	
0.75739	
1.05225	
0.990766	
0.910208	
1.02116	
0.872453	
0.597196	
0.459187	
0.683408	
0.681102	
0.908777	
1.3426	
1.22258	
1.05107	
0.667841	
0.710044	
0.807459	
0.873825	
0.582617	
0.694367	
0.720928	
0.251384	
0.296836	
0.780929	
0.719531	
0.766521	
1.15886	
1.02465	
1.24273	
0.986871	
1.21073	
1.33788	
1.12643	
1.03886	
1.15779	
1.28293	
1.4902	
1.31142	
1.7201	
2.05051	
2.0429	
2.34269	
2.04479	
2.32147	
2.27575	
2.31946	
2.24997	
2.37085	
2.0444	
2.12193	
2.00403	
2.09444	
2.17227	
2.4942	
2.55167	
2.58144	
2.98741	
3.01062	
3.23625	
3.08872	
2.79562	
2.69196	
2.72826	
2.71662	
2.99904	
3.14259	
3.1425	
2.90493	
3.35813	
3.10318	
3.0666	
3.35976	
3.23428	
3.01752	
3.01373	
3.32397	
3.33201	
3.14762	
3.29691	
3.48279	
3.37226	
3.43058	
3.44962	
3.18421	
2.86462	
2.82602	
2.67163	
3.14044	
3.23965	
3.6486	
3.25144	
3.35473	
2.98272	
2.91879	
3.32556	
3.02209	
3.05794	
3.06923	
3.18142	
3.07121	
3.34889	
3.2546	
2.97801	
2.79623	
2.9184	
2.99785	
3.03306	
2.74955	
2.79004	
2.55661	
2.42409	
2.43972	
2.22929	
1.96481	
2.17469	
2.45599	
2.52708	
2.69913	
2.7202	
2.48483	
2.1849	
2.33885	
2.09601	
2.22495	
1.98967	
2.001	
2.18845	
2.16772	
2.41556	
2.99762	
2.6616	
2.83549	
2.99152	
2.88855	
3.3273	
3.10909	
3.32316	
3.28475	
3.24974	
3.40355	
3.21358	
3.49757	
3.61394	
3.28839	
3.54103	
2.94208	
2.93132	
2.67064	
2.56845	
2.82896	
3.17229	
3.46456	
3.53038	
3.31604	
3.45508	
3.23889	
2.84854	
2.95747	
2.605	
2.68493	
2.61063	
2.73048	
2.76461	
3.01576	
2.72572	
2.66198	
2.2614	
2.31826	
2.20859	
2.2969	
2.1703	
1.95898	
2.00993	
1.63836	
1.40631	
0.973669	
0.746224	
0.864427	
0.841146	
1.15961	
1.56319	
1.68572	
2.05114	
1.88924	
2.09927	
2.03929	
2.24674	
1.99358	
2.56419	
2.41066	
2.71997	
2.68119	
2.46925	
2.30026	
2.18822	
2.298	
2.04583	
2.28509	
2.33463	
2.06235	
1.77029	
2.20516	
2.04814	
2.10728	
2.07069	
2.26201	
2.08629	
2.07124	
2.09367	
2.17515	
2.02129	
1.81928	
1.54798	
1.53038	
1.58471	
1.49201	
1.40944	
1.2033	
1.33248	
1.13904	
1.26415	
1.40281	
1.5359	
1.70753	
1.85782	
1.72181	
2.25683	
2.37679	
2.4141	
2.42361	
2.2678	
2.45348	
2.16884	
1.98855	
2.34171	
2.5558	
2.46516	
2.74365	
2.66904	
2.52274	
1.78192	
1.71781	
1.46815	
1.48601	
1.78717	
2.0353	
2.22952	
2.26861	
2.28432	
2.3989	
2.07908	
2.18225	
2.14606	
1.79966	
1.65023	
1.58561	
1.54223	
1.29824	
1.5424	
1.34748	
1.46251	
1.24883	
1.55787	
1.60007	
1.65096	
1.40522	
1.50212	
1.52535	
1.51437	
1.54335	
1.65606	
1.87338	
2.0514	
2.53867	
2.33778	
2.47624	
2.23974	
2.61081	
2.71074	
2.67491	
2.75444	
2.61869	
2.53101	
2.76576	
2.6676	
2.88001	
2.66996	
2.04267	
1.69337	
1.93999	
2.10136	
2.29002	
2.55602	
2.82106	
3.04257	
2.95008	
3.23159	
3.27628	
3.18576	
2.77775	
2.70856	
3.02984	
2.90121	
2.93211	
3.39692	
3.14461	
3.18528	
3.24968	
3.08123	
3.21596	
2.98666	
3.06228	
3.07369	
2.93202	
2.91922	
2.94455	
2.79213	
2.70956	
2.65781	
2.81217	
2.51819	
2.70553	
2.42102	
2.43603	
2.68753	
2.42263	
2.86942	
3.15428	
2.80453	
2.74186	
2.73612	
2.73309	
2.65905	
2.72201	
2.63025	
2.59597	
2.53599	
2.61475	
2.83468	
2.71526	
2.49735	
2.43298	
2.23727	
2.00215	
2.28395	
2.47443	
2.02691	
2.11439	
2.32704	
2.43979	
2.4415	
2.12906	
1.76256	
1.99126	
1.68212	
1.99402	
2.47407	
2.43792	
2.40572	
2.40768	
2.42207	
2.15375	
2.06947	
2.25461	
2.08851	
2.30388	
2.42198	
2.64365	
2.62101	
2.36541	
2.18676	
2.3636	
2.41547	
2.31827	
2.36416	
1.86886	
1.44281	
1.64193	
1.7611	
1.88853	
1.81844	
1.78014	
1.79721	
1.59512	
1.49424	
1.62667	
1.69038	
1.63316	
1.41963	
1.63086	
1.52831	
1.19169	
1.4349	
1.10181	
1.15796	
1.07089	
1.10502	
1.24944	
1.11628	
1.2153	
1.3473	
1.28418	
1.5945	
2.04138	
2.27578	
2.39459	
2.41587	
2.25391	
1.95434	
1.6025	
1.42198	
1.57624	
1.54695	
1.87789	
2.46823	
2.64857	
2.84356	
2.75094	
2.77431	
2.49293	
2.17009	
1.89649	
1.85279	
1.89833	
1.83924	
2.03218	
1.90096	
1.48736	
1.49516	
1.26317	
0.979939	
0.818027	
0.727437	
0.724861	
0.755654	
1.04959	
1.31884	
1.61234	
1.41654	
1.90156	
1.67659	
1.4387	
1.56822	
1.72488	
1.77586	
1.82316	
2.03871	
2.10848	
1.91042	
1.67574	
1.58444	
1.29832	
1.28162	
1.54565	
1.69037	
1.73682	
1.70178	
1.61434	
1.76691	
1.68882	
2.03901	
1.92015	
1.82322	
2.00475	
2.03377	
2.10719	
2.55045	
2.44108	
2.36731	
2.54308	
2.15803	
1.84955	
1.97017	
1.95674	
1.57921	
1.60088	
1.52207	
1.51295	
1.53931	
1.81354	
2.00718	
1.88451	
1.87817	
2.18033	
1.80867	
1.80344	
1.65405	
1.61904	
1.6078	
1.77717	
1.42063	
1.16953	
1.1077	
0.946448	
1.29958	
1.70467	
2.11497	
2.17697	
2.1861	
2.3833	
2.18595	
2.16772	
2.24216	
2.00175	
1.74679	
1.77203	
2.04617	
2.17499	
2.25649	
2.44838	
2.55121	
2.08385	
1.97829	
2.11016	
1.81592	
1.6997	
1.68535	
1.95462	
1.87499	
1.99008	
2.18057	
2.3373	
2.22902	
2.22204	
2.71229	
2.61368	
2.42667	
2.25062	
2.27202	
2.12103	
2.04874	
2.05452	
2.25675	
2.62166	
2.8627	
2.94985	
3.01641	
2.73854	
2.20096	
2.29186	
2.62344	
2.71977	
2.87207	
2.73607	
2.28927	
1.70102	
1.33612	
1.1425	
0.896953	
0.560626	
0.920375	
1.19381	
0.876792	
1.31962	
1.37611	
1.3999	
1.53452	
1.72679	
2.17892	
1.93152	
2.00833	
1.73979	
1.49966	
1.32889	
1.37907	
1.55859	
1.61777	
1.42372	
1.52463	
1.73342	
1.86394	
1.99548	
1.88113	
1.67161	
1.30743	
1.5918	
1.50325	
1.57326	
1.34525	
1.02087	
1.20748	
1.05581	
1.47779	
1.34461	
1.03049	
0.881583	
0.668483	
0.73487	
0.614472	
0.753654	
0.839403	
0.503122	
0.651658	
1.00714	
0.90246	
0.895355	
1.22536	
1.47137	
1.33185	
1.46765	
1.58102	
1.40981	
1.09647	
1.17109	
1.2637	
0.94488	
1.30794	
1.3705	
1.10369	
1.22778	
1.37881	
1.60585	
1.58784	
1.76794	
1.66244	
1.38931	
1.50984	
1.73895	
2.08213	
1.90228	
1.95488	
2.08799	
2.15191	
2.21906	
2.27458	
2.33026	
1.65138	
1.66515	
1.57718	
1.78849	
1.89164	
1.76011	
2.03527	
1.80581	
1.86971	
2.02448	
1.90762	
1.68462	
1.65402	
2.21818	
2.14052	
2.03669	
2.14826	
2.00831	
1.60406	
1.58016	
1.64887	
1.56932	
1.65855	
1.66026	
1.73625	
2.07042	
1.88781	
1.81011	
1.79249	
1.41195	
1.35788	
1.47206	
1.34341	
1.27507	
1.46324	
1.48624	
1.84834	
2.04392	
2.21826	
2.39351	
2.09145	
1.93551	
1.88869	
1.67048	
1.96723	
1.84172	
2.21199	
2.54257	
2.43215	
2.34375	
2.10603	
1.95308	
1.74119	
1.51254	
1.66158	
1.00083	
0.883944	
0.914391	
1.15143	
1.11111	
1.08799	
1.32559	
1.11906	
1.00927	
0.811324	
1.3197	
1.58567	
1.595	
1.31798	
1.50388	
1.70132	
1.69012	
1.78935	
2.2677	
2.15185	
2.07676	
2.11846	
2.14961	
1.68417	
1.56704	
1.34603	
1.10866	
1.21092	
1.42052	
1.48923	
1.42066	
1.24701	
1.15315	
1.23975	
1.07285	
0.938566	
1.20665	
1.12897	
0.967713	
1.23312	
1.63574	
1.62754	
1.3584	
1.72704	
1.69439	
1.49234	
1.88925	
2.14676	
1.88074	
1.69957	
1.73437	
1.55075	
1.47511	
1.51053	
1.89348	
1.78571	
1.5828	
1.89115	
2.59475	
2.05684	
1.97458	
2.33979	
2.17028	
1.86503	
1.98032	
2.19907	
2.18805	
1.88223	
2.08871	
2.51625	
2.15218	
2.25598	
2.54446	
2.461	
2.46524	
2.29998	
2.38822	
2.05078	
1.61442	
1.68956	
1.45881	
1.415	
1.43961	
1.48108	
1.54787	
1.30684	
1.36313	
1.76118	
2.02828	
1.61169	
2.01361	
2.06397	
1.82523	
1.94488	
2.03739	
1.96774	
2.00383	
2.08944	
2.36575	
2.17393	
2.23983	
2.31033	
2.1333	
2.01683	
2.03002	
2.05846	
1.80541	
1.77078	
1.80654	
1.69421	
1.55624	
1.96884	
2.02707	
2.23769	
2.34152	
2.08021	
2.28442	
2.01552	
1.57565	
1.42884	
1.44081	
1.71754	
1.6322	
1.63545	
1.95099	
1.66125	
1.79287	
2.09314	
2.11106	
2.09272	
1.87434	
1.92369	
2.03268	
1.97898	
2.19379	
2.0173	
2.06884	
2.15098	
2.10913	
2.08529	
2.10822	
2.24999	
2.11402	
2.1708	
2.05829	
1.79561	
1.67044	
1.53743	
1.51407	
1.43446	
1.57647	
1.76158	
1.71249	
1.66136	
1.93516	
1.98645	
1.86053	
2.28394	
2.38486	
2.14257	
2.21885	
2.01935	
1.77947	
1.72139	
1.7805	
1.54532	
1.3217	
1.37712	
1.58175	
1.56055	
1.9373	
1.96129	
2.22703	
1.91744	
2.08184	
2.0777	
1.81805	
1.58358	
1.404	
1.54172	
1.55604	
1.6253	
1.7096	
1.56905	
1.6907	
1.54286	
1.6629	
1.78902	
1.83374	
1.59402	
1.36309	
1.45777	
1.25094	
1.15996	
1.44476	
1.33461	
1.58337	
1.71547	
1.66078	
1.51603	
1.51667	
1.23607	
1.32185	
1.631	
1.56902	
1.55076	
1.50526	
1.21958	
1.50431	
1.36938	
1.4186	
1.44157	
1.5095	
1.3377	
1.53349	
1.43368	
1.59057	
1.84141	
1.87674	
1.79529	
1.88217	
1.86318	
1.69392	
1.50431	
1.45563	
1.59578	
1.90355	
2.06064	
2.21756	
2.49272	
2.25523	
2.10553	
2.31929	
2.27014	
2.41129	
2.10545	
2.31414	
2.35024	
2.13813	
2.24323	
2.29154	
2.06986	
2.1804	
2.14273	
2.35746	
2.2986	
2.30106	
2.50432	
2.30635	
1.91797	
2.31594	
2.21866	
2.18025	
2.12474	
2.37469	
2.65308	
2.23278	
2.18535	
2.11896	
1.47852	
1.36452	
1.22449	
1.25168	
1.35334	
1.30087	
1.57704	
1.95285	
2.0931	
2.0751	
2.06028	
1.50707	
1.24686	
1.28611	
0.961473	
1.07827	
0.773893	
0.705119	
0.566073	
0.609274	
1.36538	
1.34553	
1.35519	
1.53693	
1.03669	
0.99082	
1.17028	
0.916028	
1.0623	
1.24836	
1.16981	
1.30274	
1.13942	
1.38863	
1.42492	
1.30683	
1.28244	
1.36238	
1.61138	
1.50942	
1.57525	
1.73429	
1.83323	
1.78401	
1.65551	
1.795	
1.72865	
1.59995	
1.94992	
1.99674	
1.80304	
1.87772	
2.08391	
1.81443	
1.62447	
2.0219	
2.24189	
1.76015	
1.65641	
1.68696	
1.85992	
1.90774	
2.00988	
2.16225	
1.87435	
1.70246	
1.40393	
1.38624	
1.66356	
1.39419	
1.79728	
1.42912	
1.32679	
1.16714	
1.01549	
0.962826	
0.907457	
1.02792	
1.17749	
1.11404	
1.17107	
1.14202	
1.08483	
1.27739	
1.65899	
1.73925	
1.87478	
1.77002	
1.89516	
1.60951	
1.72316	
1.84703	
1.54984	
1.5861	
1.50048	
1.46564	
1.45878	
1.34078	
1.50473	
1.39699	
1.14088	
1.26002	
1.35834	
1.23369	
1.34077	
1.29049	
1.57806	
1.38818	
1.17843	
1.60169	
1.3714	
1.10514	
1.61975	
1.73607	
1.9763	
1.72526	
1.82744	
2.06692	
1.93599	
1.91865	
2.26326	
2.13082	
1.82186	
1.82999	
1.51708	
1.53694	
1.53383	
1.48679	
1.6131	
1.65004	
1.52924	
1.7888	
1.71896	
1.73922	
1.73173	
1.70963	
1.49295	
1.1779	
1.08766	
1.07566	
0.742318	
0.674496	
1.30879	
1.27328	
1.36822	
1.30295	
1.31664	
1.23646	
0.982946	
0.835238	
1.00159	
0.576433	
0.614197	
0.552227	
0.813756	
1.05817	
1.07397	
1.29476	
1.14081	
0.535783	
0.763557	
1.18718	
1.06866	
0.786272	
0.841124	
1.10564	
0.917251	
1.2305	
1.38234	
1.52986	
1.43784	
1.73238	
2.16844	
2.40659	
2.36789	
2.38363	
2.466	
2.35	
2.41047	
2.45372	
2.07888	
2.00983	
1.79474	
1.78625	
1.84251	
1.98158	
2.15097	
2.344	
2.33677	
2.56488	
2.85791	
2.97555	
2.51306	
2.1463	
2.34791	
2.15091	
2.20482	
2.32233	
2.17327	
2.37794	
2.03651	
2.00157	
1.84797	
1.38511	
1.24071	
1.42261	
1.21763	
1.53373	
1.4211	
1.58364	
1.39211	
1.51564	
1.27122	
1.26307	
1.57499	
1.36114	
1.46831	
1.44467	
1.25279	
1.18555	
1.02617	
1.07154	
0.868392	
0.426363	
0.800859	
1.17321	
0.914632	
0.863931	
1.00231	
0.596936	
0.610515	
0.883152	
0.952319	
0.927448	
1.11284	
1.37119	
1.16057	
1.14821	
1.68718	
1.41818	
1.38682	
2.0431	
2.04482	
2.25433	
2.0281	
2.10665	
1.89979	
1.35681	
1.14473	
1.12265	
0.943941	
0.928125	
0.777605	
1.13171	
1.35464	
1.63743	
1.7907	
1.86943	
1.57308	
1.46542	
1.24024	
1.32806	
1.41948	
1.56512	
1.98105	
2.17045	
2.23813	
2.01375	
1.68955	
1.45426	
1.1268	
1.01976	
1.01568	
0.803681	
1.1584	
1.35046	
1.13366	
1.51124	
1.61796	
1.53459	
1.64948	
1.48763	
1.43986	
1.42318	
1.23631	
1.54281	
1.35396	
1.12266	
1.4639	
1.77077	
1.7934	
2.21413	
2.36463	
2.38091	
2.25422	
2.09101	
1.8574	
1.6929	
1.76318	
1.86312	
1.995	
2.44081	
2.231	
2.30336	
2.36879	
2.08747	
2.06683	
1.94221	
1.76831	
1.60564	
1.52736	
1.59376	
1.72997	
1.74352	
2.1798	
2.43776	
2.32791	
2.67809	
2.80279	
2.7318	
2.58904	
2.42664	
2.40831	
2.25394	
2.41589	
2.43712	
2.37893	
2.21998	
2.17953	
1.8831	
1.51365	
1.37227	
1.48742	
1.37813	
1.32472	
1.53984	
1.5874	
1.21421	
1.43869	
1.6457	
1.49405	
1.45784	
1.79516	
1.80254	
1.62588	
1.55511	
1.7425	
1.67614	
1.84515	
1.90261	
2.23471	
2.05132	
1.89529	
2.30403	
2.1309	
2.03009	
1.92414	
2.01339	